sample.interval=20000
"NextMethod" "[.factor" "[" "[.data.frame" "[" "subset.data.frame" "subset" "maxneighbors_disc" "ifelse" "make.neighbor.matrices" 
"[[" "[.data.frame" "[" "subset.data.frame" "subset" "maxneighbors_disc" "ifelse" "make.neighbor.matrices" 
"[.data.frame" "[" "subset.data.frame" "subset" "maxneighbors_disc" "ifelse" "make.neighbor.matrices" 
"[.factor" "[" "[.data.frame" "[" "subset.data.frame" "subset" "maxneighbors_disc" "ifelse" "make.neighbor.matrices" 
"levels" "noNA.levels" "Ops.factor" "==" "eval" "eval" "subset.data.frame" "subset" "maxneighbors_disc" "ifelse" "make.neighbor.matrices" 
"[.data.frame" "[" "subset.data.frame" "subset" "maxneighbors_disc" "ifelse" "make.neighbor.matrices" 
"[.data.frame" "[" "subset.data.frame" "subset" "maxneighbors_disc" "ifelse" "make.neighbor.matrices" 
"[.data.frame" "[" "subset.data.frame" "subset" "maxneighbors_disc" "ifelse" "make.neighbor.matrices" 
"[[" "[.data.frame" "[" "subset.data.frame" "subset" "maxneighbors_disc" "ifelse" "make.neighbor.matrices" 
"[.data.frame" "[" "subset.data.frame" "subset" "maxneighbors_disc" "ifelse" "make.neighbor.matrices" 
"anyNA" "[.data.frame" "[" "subset.data.frame" "subset" "maxneighbors_disc" "ifelse" "make.neighbor.matrices" 
"[.data.frame" "[" "subset.data.frame" "subset" "maxneighbors_disc" "ifelse" "make.neighbor.matrices" 
"[.data.frame" "[" "subset.data.frame" "subset" "maxneighbors_disc" "ifelse" "make.neighbor.matrices" 
"subset.data.frame" "subset" "maxneighbors_disc" "ifelse" "make.neighbor.matrices" 
"[.data.frame" "[" "subset.data.frame" "subset" "maxneighbors_disc" "ifelse" "make.neighbor.matrices" 
"anyDuplicated" "[.data.frame" "[" "subset.data.frame" "subset" "maxneighbors_disc" "ifelse" "make.neighbor.matrices" 
"all" "[[.data.frame" "[[" "$.data.frame" "$" "eval" "eval" "subset.data.frame" "subset" "maxneighbors_disc" "ifelse" "make.neighbor.matrices" 
"[.data.frame" "[" "subset.data.frame" "subset" "maxneighbors_disc" "ifelse" "make.neighbor.matrices" 
"!=" "eval" "eval" "subset.data.frame" "subset" "maxneighbors_disc" "ifelse" "make.neighbor.matrices" 
"[.data.frame" "[" "subset.data.frame" "subset" "maxneighbors_disc" "ifelse" "make.neighbor.matrices" 
"length" "length" "[.data.frame" "[" "subset.data.frame" "subset" "maxneighbors_disc" "ifelse" "make.neighbor.matrices" 
"%in%" "[[.data.frame" "[[" "[.data.frame" "[" "subset.data.frame" "subset" "maxneighbors_disc" "ifelse" "make.neighbor.matrices" 
"[[.data.frame" "[[" "[.data.frame" "[" "subset.data.frame" "subset" "maxneighbors_disc" "ifelse" "make.neighbor.matrices" 
"NextMethod" "[.factor" "[" "[.data.frame" "[" "subset.data.frame" "subset" "maxneighbors_disc" "ifelse" "make.neighbor.matrices" 
"[.data.frame" "[" "subset.data.frame" "subset" "maxneighbors_disc" "ifelse" "make.neighbor.matrices" 
"[.data.frame" "[" "subset.data.frame" "subset" "maxneighbors_disc" "ifelse" "make.neighbor.matrices" 
"subset.data.frame" "subset" "maxneighbors_disc" "ifelse" "make.neighbor.matrices" 
"[.data.frame" "[" "subset.data.frame" "subset" "maxneighbors_disc" "ifelse" "make.neighbor.matrices" 
"match" "%in%" "structure" "[.data.frame" "[" "subset.data.frame" "subset" "maxneighbors_disc" "ifelse" "make.neighbor.matrices" 
"NextMethod" "[.factor" "[" "[.data.frame" "[" "subset.data.frame" "subset" "maxneighbors_disc" "ifelse" "make.neighbor.matrices" 
"Ops.factor" "==" "eval" "eval" "subset.data.frame" "subset" "maxneighbors_disc" "ifelse" "make.neighbor.matrices" 
"&" "eval" "eval" "subset.data.frame" "subset" "maxneighbors_disc" "ifelse" "make.neighbor.matrices" 
"levels" "noNA.levels" "Ops.factor" "==" "eval" "eval" "subset.data.frame" "subset" "maxneighbors_disc" "ifelse" "make.neighbor.matrices" 
"[.data.frame" "[" "subset.data.frame" "subset" "maxneighbors_disc" "ifelse" "make.neighbor.matrices" 
"<Anonymous>" "[[.data.frame" "[[" "[.data.frame" "[" "subset.data.frame" "subset" "maxneighbors_disc" "ifelse" "make.neighbor.matrices" 
"&" "eval" "eval" "subset.data.frame" "subset" "maxneighbors_disc" "ifelse" "make.neighbor.matrices" 
"[.data.frame" "[" "subset.data.frame" "subset" "maxneighbors_disc" "ifelse" "make.neighbor.matrices" 
"[.data.frame" "[" "subset.data.frame" "subset" "maxneighbors_disc" "ifelse" "make.neighbor.matrices" 
"<Anonymous>" "[[.data.frame" "[[" "[.data.frame" "[" "subset.data.frame" "subset" "maxneighbors_disc" "ifelse" "make.neighbor.matrices" 
"<" "eval" "eval" "subset.data.frame" "subset" "maxneighbors_disc" "ifelse" "make.neighbor.matrices" 
"&" "eval" "eval" "subset.data.frame" "subset" "maxneighbors_disc" "ifelse" "make.neighbor.matrices" 
"[.data.frame" "[" "subset.data.frame" "subset" "maxneighbors_disc" "ifelse" "make.neighbor.matrices" 
"[[" "[.data.frame" "[" "subset.data.frame" "subset" "maxneighbors_disc" "ifelse" "make.neighbor.matrices" 
"subset.data.frame" "subset" "maxneighbors_disc" "ifelse" "make.neighbor.matrices" 
"Ops.factor" "==" "eval" "eval" "subset.data.frame" "subset" "maxneighbors_disc" "ifelse" "make.neighbor.matrices" 
"match" "%in%" "[[.data.frame" "[[" "$.data.frame" "$" "eval" "eval" "subset.data.frame" "subset" "maxneighbors_disc" "ifelse" "make.neighbor.matrices" 
"[.data.frame" "[" "subset.data.frame" "subset" "maxneighbors_disc" "ifelse" "make.neighbor.matrices" 
"dim" "dim" "[.data.frame" "[" "subset.data.frame" "subset" "maxneighbors_disc" "ifelse" "make.neighbor.matrices" 
"[.data.frame" "[" "subset.data.frame" "subset" "maxneighbors_disc" "ifelse" "make.neighbor.matrices" 
"match" "%in%" "[[.data.frame" "[[" "[.data.frame" "[" "subset.data.frame" "subset" "maxneighbors_disc" "ifelse" "make.neighbor.matrices" 
"[.data.frame" "[" "subset.data.frame" "subset" "maxneighbors_disc" "ifelse" "make.neighbor.matrices" 
"[.data.frame" "[" "subset.data.frame" "subset" "maxneighbors_disc" "ifelse" "make.neighbor.matrices" 
"[" "[.data.frame" "[" "subset.data.frame" "subset" "maxneighbors_disc" "ifelse" "make.neighbor.matrices" 
"[.data.frame" "[" "subset.data.frame" "subset" "maxneighbors_disc" "ifelse" "make.neighbor.matrices" 
"[[.data.frame" "[[" "[.data.frame" "[" "subset.data.frame" "subset" "maxneighbors_disc" "ifelse" "make.neighbor.matrices" 
"Ops.factor" "==" "eval" "eval" "subset.data.frame" "subset" "maxneighbors_disc" "ifelse" "make.neighbor.matrices" 
"NextMethod" "[.factor" "[" "[.data.frame" "[" "subset.data.frame" "subset" "maxneighbors_disc" "ifelse" "make.neighbor.matrices" 
"[.factor" "[" "[.data.frame" "[" "subset.data.frame" "subset" "maxneighbors_disc" "ifelse" "make.neighbor.matrices" 
"[.data.frame" "[" "subset.data.frame" "subset" "maxneighbors_disc" "ifelse" "make.neighbor.matrices" 
"<Anonymous>" "[[.data.frame" "[[" "[.data.frame" "[" "subset.data.frame" "subset" "maxneighbors_disc" "ifelse" "make.neighbor.matrices" 
"[.data.frame" "[" "subset.data.frame" "subset" "maxneighbors_disc" "ifelse" "make.neighbor.matrices" 
"&" "eval" "eval" "subset.data.frame" "subset" "maxneighbors_disc" "ifelse" "make.neighbor.matrices" 
"levels" "[.factor" "[" "[.data.frame" "[" "subset.data.frame" "subset" "maxneighbors_disc" "ifelse" "make.neighbor.matrices" 
"[.data.frame" "[" "subset.data.frame" "subset" "maxneighbors_disc" "ifelse" "make.neighbor.matrices" 
"==" "eval" "eval" "subset.data.frame" "subset" "maxneighbors_disc" "ifelse" "make.neighbor.matrices" 
"NextMethod" "[.factor" "[" "[.data.frame" "[" "subset.data.frame" "subset" "maxneighbors_disc" "ifelse" "make.neighbor.matrices" 
"[.factor" "[" "[.data.frame" "[" "subset.data.frame" "subset" "maxneighbors_disc" "ifelse" "make.neighbor.matrices" 
"subset" "maxneighbors_disc" "ifelse" "make.neighbor.matrices" 
"[.data.frame" "[" "subset.data.frame" "subset" "maxneighbors_disc" "ifelse" "make.neighbor.matrices" 
"[[" "[.data.frame" "[" "subset.data.frame" "subset" "maxneighbors_disc" "ifelse" "make.neighbor.matrices" 
"[" "[.data.frame" "[" "subset.data.frame" "subset" "maxneighbors_disc" "ifelse" "make.neighbor.matrices" 
"&" "eval" "eval" "subset.data.frame" "subset" "maxneighbors_disc" "ifelse" "make.neighbor.matrices" 
"Ops.factor" "==" "eval" "eval" "subset.data.frame" "subset" "maxneighbors_disc" "ifelse" "make.neighbor.matrices" 
"NextMethod" "[.factor" "[" "[.data.frame" "[" "subset.data.frame" "subset" "maxneighbors_disc" "ifelse" "make.neighbor.matrices" 
"[.data.frame" "[" "subset.data.frame" "subset" "maxneighbors_disc" "ifelse" "make.neighbor.matrices" 
"[.data.frame" "[" "subset.data.frame" "subset" "maxneighbors_disc" "ifelse" "make.neighbor.matrices" 
"[.data.frame" "[" "subset.data.frame" "subset" "maxneighbors_disc" "ifelse" "make.neighbor.matrices" 
"[.data.frame" "[" "subset.data.frame" "subset" "maxneighbors_disc" "ifelse" "make.neighbor.matrices" 
"[.data.frame" "[" "subset.data.frame" "subset" "maxneighbors_disc" "ifelse" "make.neighbor.matrices" 
"[[" "[.data.frame" "[" "subset.data.frame" "subset" "maxneighbors_disc" "ifelse" "make.neighbor.matrices" 
"[.data.frame" "[" "subset.data.frame" "subset" "maxneighbors_disc" "ifelse" "make.neighbor.matrices" 
"%in%" "[[.data.frame" "[[" "$.data.frame" "$" "eval" "eval" "subset.data.frame" "subset" "maxneighbors_disc" "ifelse" "make.neighbor.matrices" 
"NextMethod" "[.factor" "[" "[.data.frame" "[" "subset.data.frame" "subset" "maxneighbors_disc" "ifelse" "make.neighbor.matrices" 
"[.data.frame" "[" "subset.data.frame" "subset" "maxneighbors_disc" "ifelse" "make.neighbor.matrices" 
"[.data.frame" "[" "subset.data.frame" "subset" "maxneighbors_disc" "ifelse" "make.neighbor.matrices" 
"[[" "[.data.frame" "[" "subset.data.frame" "subset" "maxneighbors_disc" "ifelse" "make.neighbor.matrices" 
"NextMethod" "[.factor" "[" "[.data.frame" "[" "subset.data.frame" "subset" "maxneighbors_disc" "ifelse" "make.neighbor.matrices" 
"[" "[.data.frame" "[" "subset.data.frame" "subset" "maxneighbors_disc" "ifelse" "make.neighbor.matrices" 
"NextMethod" "[.factor" "[" "[.data.frame" "[" "subset.data.frame" "subset" "maxneighbors_disc" "ifelse" "make.neighbor.matrices" 
"[.data.frame" "[" "subset.data.frame" "subset" "maxneighbors_disc" "ifelse" "make.neighbor.matrices" 
"[.factor" "[" "[.data.frame" "[" "subset.data.frame" "subset" "maxneighbors_disc" "ifelse" "make.neighbor.matrices" 
"levels" "[.factor" "[" "[.data.frame" "[" "subset.data.frame" "subset" "maxneighbors_disc" "ifelse" "make.neighbor.matrices" 
">" "eval" "eval" "subset.data.frame" "subset" "maxneighbors_disc" "ifelse" "make.neighbor.matrices" 
"[.data.frame" "[" "subset.data.frame" "subset" "maxneighbors_disc" "ifelse" "make.neighbor.matrices" 
"&" "eval" "eval" "subset.data.frame" "subset" "maxneighbors_disc" "ifelse" "make.neighbor.matrices" 
"[.data.frame" "[" "subset.data.frame" "subset" "maxneighbors_disc" "ifelse" "make.neighbor.matrices" 
"NextMethod" "[.factor" "[" "[.data.frame" "[" "subset.data.frame" "subset" "maxneighbors_disc" "ifelse" "make.neighbor.matrices" 
"[.data.frame" "[" "subset.data.frame" "subset" "maxneighbors_disc" "ifelse" "make.neighbor.matrices" 
"[.data.frame" "[" "subset.data.frame" "subset" "maxneighbors_disc" "ifelse" "make.neighbor.matrices" 
"!=" "eval" "eval" "subset.data.frame" "subset" "maxneighbors_disc" "ifelse" "make.neighbor.matrices" 
">" "eval" "eval" "subset.data.frame" "subset" "maxneighbors_disc" "ifelse" "make.neighbor.matrices" 
"[.data.frame" "[" "subset.data.frame" "subset" "maxneighbors_disc" "ifelse" "make.neighbor.matrices" 
"&" "eval" "eval" "subset.data.frame" "subset" "maxneighbors_disc" "ifelse" "make.neighbor.matrices" 
"dim" "dim" "nrow" "maxneighbors_disc" "ifelse" "make.neighbor.matrices" 
"all" "[[.data.frame" "[[" "[.data.frame" "[" "subset.data.frame" "subset" "maxneighbors_disc" "ifelse" "make.neighbor.matrices" 
"[[" "[.data.frame" "[" "subset.data.frame" "subset" "maxneighbors_disc" "ifelse" "make.neighbor.matrices" 
"is.na" "is.na" "Ops.factor" "==" "eval" "eval" "subset.data.frame" "subset" "maxneighbors_disc" "ifelse" "make.neighbor.matrices" 
"[.data.frame" "[" "subset.data.frame" "subset" "maxneighbors_disc" "ifelse" "make.neighbor.matrices" 
"%in%" "[[.data.frame" "[[" "$.data.frame" "$" "eval" "eval" "subset.data.frame" "subset" "maxneighbors_disc" "ifelse" "make.neighbor.matrices" 
"anyDuplicated" "[.data.frame" "[" "subset.data.frame" "subset" "maxneighbors_disc" "ifelse" "make.neighbor.matrices" 
"anyDuplicated" "[.data.frame" "[" "subset.data.frame" "subset" "maxneighbors_disc" "ifelse" "make.neighbor.matrices" 
"!=" "eval" "eval" "subset.data.frame" "subset" "maxneighbors_disc" "ifelse" "make.neighbor.matrices" 
"[.data.frame" "[" "subset.data.frame" "subset" "maxneighbors_disc" "ifelse" "make.neighbor.matrices" 
"[.data.frame" "[" "subset.data.frame" "subset" "maxneighbors_disc" "ifelse" "make.neighbor.matrices" 
"[.data.frame" "[" "subset.data.frame" "subset" "maxneighbors_disc" "ifelse" "make.neighbor.matrices" 
"&" "eval" "eval" "subset.data.frame" "subset" "maxneighbors_disc" "ifelse" "make.neighbor.matrices" 
"[.data.frame" "[" "subset.data.frame" "subset" "maxneighbors_disc" "ifelse" "make.neighbor.matrices" 
"[.factor" "[" "[.data.frame" "[" "subset.data.frame" "subset" "maxneighbors_disc" "ifelse" "make.neighbor.matrices" 
"[.data.frame" "[" "subset.data.frame" "subset" "maxneighbors_disc" "ifelse" "make.neighbor.matrices" 
"NextMethod" "[.factor" "[" "[.data.frame" "[" "subset.data.frame" "subset" "maxneighbors_disc" "ifelse" "make.neighbor.matrices" 
"Ops.factor" "==" "eval" "eval" "subset.data.frame" "subset" "maxneighbors_disc" "ifelse" "make.neighbor.matrices" 
"[.data.frame" "[" "subset.data.frame" "subset" "maxneighbors_disc" "ifelse" "make.neighbor.matrices" 
"[[" "[.data.frame" "[" "subset.data.frame" "subset" "maxneighbors_disc" "ifelse" "make.neighbor.matrices" 
"[[.data.frame" "[[" "[.data.frame" "[" "subset.data.frame" "subset" "maxneighbors_disc" "ifelse" "make.neighbor.matrices" 
"[.data.frame" "[" "subset.data.frame" "subset" "maxneighbors_disc" "ifelse" "make.neighbor.matrices" 
"NextMethod" "[.factor" "[" "[.data.frame" "[" "subset.data.frame" "subset" "maxneighbors_disc" "ifelse" "make.neighbor.matrices" 
"[.data.frame" "[" "subset.data.frame" "subset" "maxneighbors_disc" "ifelse" "make.neighbor.matrices" 
"[.data.frame" "[" "subset.data.frame" "subset" "maxneighbors_disc" "ifelse" "make.neighbor.matrices" 
"<Anonymous>" "[[.data.frame" "[[" "[.data.frame" "[" "subset.data.frame" "subset" "maxneighbors_disc" "ifelse" "make.neighbor.matrices" 
"NextMethod" "[.factor" "[" "[.data.frame" "[" "subset.data.frame" "subset" "maxneighbors_disc" "ifelse" "make.neighbor.matrices" 
"subset" "maxneighbors_disc" "ifelse" "make.neighbor.matrices" 
"[.data.frame" "[" "subset.data.frame" "subset" "maxneighbors_disc" "ifelse" "make.neighbor.matrices" 
"[.data.frame" "[" "subset.data.frame" "subset" "maxneighbors_disc" "ifelse" "make.neighbor.matrices" 
"match" "%in%" "[[.data.frame" "[[" "$.data.frame" "$" "eval" "eval" "subset.data.frame" "subset" "maxneighbors_disc" "ifelse" "make.neighbor.matrices" 
"NextMethod" "[.factor" "[" "[.data.frame" "[" "subset.data.frame" "subset" "maxneighbors_disc" "ifelse" "make.neighbor.matrices" 
"[.data.frame" "[" "subset.data.frame" "subset" "maxneighbors_disc" "ifelse" "make.neighbor.matrices" 
"NextMethod" "[.factor" "[" "[.data.frame" "[" "subset.data.frame" "subset" "maxneighbors_disc" "ifelse" "make.neighbor.matrices" 
"NextMethod" "[.factor" "[" "[.data.frame" "[" "subset.data.frame" "subset" "maxneighbors_disc" "ifelse" "make.neighbor.matrices" 
"[.data.frame" "[" "subset.data.frame" "subset" "maxneighbors_disc" "ifelse" "make.neighbor.matrices" 
"[.data.frame" "[" "subset.data.frame" "subset" "maxneighbors_disc" "ifelse" "make.neighbor.matrices" 
"match" "%in%" "[[.data.frame" "[[" "[.data.frame" "[" "subset.data.frame" "subset" "maxneighbors_disc" "ifelse" "make.neighbor.matrices" 
"[.data.frame" "[" "subset.data.frame" "subset" "maxneighbors_disc" "ifelse" "make.neighbor.matrices" 
"[.data.frame" "[" "subset.data.frame" "subset" "maxneighbors_disc" "ifelse" "make.neighbor.matrices" 
"[.factor" "[" "[.data.frame" "[" "subset.data.frame" "subset" "maxneighbors_disc" "ifelse" "make.neighbor.matrices" 
"[.data.frame" "[" "subset.data.frame" "subset" "maxneighbors_disc" "ifelse" "make.neighbor.matrices" 
"[.data.frame" "[" "subset.data.frame" "subset" "maxneighbors_disc" "ifelse" "make.neighbor.matrices" 
"[.data.frame" "[" "subset.data.frame" "subset" "maxneighbors_disc" "ifelse" "make.neighbor.matrices" 
"levels" "[.factor" "[" "[.data.frame" "[" "subset.data.frame" "subset" "maxneighbors_disc" "ifelse" "make.neighbor.matrices" 
"NextMethod" "[.factor" "[" "[.data.frame" "[" "subset.data.frame" "subset" "maxneighbors_disc" "ifelse" "make.neighbor.matrices" 
"nrow" "maxneighbors_disc" "ifelse" "make.neighbor.matrices" 
"is.na" "Ops.factor" "==" "eval" "eval" "subset.data.frame" "subset" "maxneighbors_disc" "ifelse" "make.neighbor.matrices" 
"[.data.frame" "[" "subset.data.frame" "subset" "maxneighbors_disc" "ifelse" "make.neighbor.matrices" 
"[.data.frame" "[" "subset.data.frame" "subset" "maxneighbors_disc" "ifelse" "make.neighbor.matrices" 
"%in%" "[[.data.frame" "[[" "[.data.frame" "[" "subset.data.frame" "subset" "maxneighbors_disc" "ifelse" "make.neighbor.matrices" 
"[.data.frame" "[" "subset.data.frame" "subset" "maxneighbors_disc" "ifelse" "make.neighbor.matrices" 
"[.data.frame" "[" "subset.data.frame" "subset" "maxneighbors_disc" "ifelse" "make.neighbor.matrices" 
"[.data.frame" "[" "subset.data.frame" "subset" "maxneighbors_disc" "ifelse" "make.neighbor.matrices" 
"match" "structure" "[.data.frame" "[" "subset.data.frame" "subset" "maxneighbors_disc" "ifelse" "make.neighbor.matrices" 
"[.data.frame" "[" "subset.data.frame" "subset" "maxneighbors_disc" "ifelse" "make.neighbor.matrices" 
"<Anonymous>" "[[.data.frame" "[[" "[.data.frame" "[" "subset.data.frame" "subset" "maxneighbors_disc" "ifelse" "make.neighbor.matrices" 
"[.data.frame" "[" "subset.data.frame" "subset" "maxneighbors_disc" "ifelse" "make.neighbor.matrices" 
"[.data.frame" "[" "subset.data.frame" "subset" "maxneighbors_disc" "ifelse" "make.neighbor.matrices" 
"[.data.frame" "[" "subset.data.frame" "subset" "maxneighbors_disc" "ifelse" "make.neighbor.matrices" 
"[.data.frame" "[" "subset.data.frame" "subset" "maxneighbors_disc" "ifelse" "make.neighbor.matrices" 
"[.factor" "[" "[.data.frame" "[" "subset.data.frame" "subset" "maxneighbors_disc" "ifelse" "make.neighbor.matrices" 
"NextMethod" "[.factor" "[" "[.data.frame" "[" "subset.data.frame" "subset" "maxneighbors_disc" "ifelse" "make.neighbor.matrices" 
"[.data.frame" "[" "subset.data.frame" "subset" "maxneighbors_disc" "ifelse" "make.neighbor.matrices" 
"eval" "eval" "subset.data.frame" "subset" "maxneighbors_disc" "ifelse" "make.neighbor.matrices" 
"&" "eval" "eval" "subset.data.frame" "subset" "maxneighbors_disc" "ifelse" "make.neighbor.matrices" 
"[.data.frame" "[" "subset.data.frame" "subset" "maxneighbors_disc" "ifelse" "make.neighbor.matrices" 
"Ops.factor" "==" "eval" "eval" "subset.data.frame" "subset" "maxneighbors_disc" "ifelse" "make.neighbor.matrices" 
"[.data.frame" "[" "subset.data.frame" "subset" "maxneighbors_disc" "ifelse" "make.neighbor.matrices" 
"[.data.frame" "[" "subset.data.frame" "subset" "maxneighbors_disc" "ifelse" "make.neighbor.matrices" 
"[[" "[.data.frame" "[" "subset.data.frame" "subset" "maxneighbors_disc" "ifelse" "make.neighbor.matrices" 
"[.data.frame" "[" "subset.data.frame" "subset" "maxneighbors_disc" "ifelse" "make.neighbor.matrices" 
"[.data.frame" "[" "subset.data.frame" "subset" "maxneighbors_disc" "ifelse" "make.neighbor.matrices" 
"[.data.frame" "[" "subset.data.frame" "subset" "maxneighbors_disc" "ifelse" "make.neighbor.matrices" 
"[.data.frame" "[" "subset.data.frame" "subset" "maxneighbors_disc" "ifelse" "make.neighbor.matrices" 
"subset" "maxneighbors_disc" "ifelse" "make.neighbor.matrices" 
"[.data.frame" "[" "subset.data.frame" "subset" "maxneighbors_disc" "ifelse" "make.neighbor.matrices" 
"[[.data.frame" "[[" "[.data.frame" "[" "subset.data.frame" "subset" "maxneighbors_disc" "ifelse" "make.neighbor.matrices" 
"anyDuplicated" "[.data.frame" "[" "subset.data.frame" "subset" "maxneighbors_disc" "ifelse" "make.neighbor.matrices" 
"[.data.frame" "[" "subset.data.frame" "subset" "maxneighbors_disc" "ifelse" "make.neighbor.matrices" 
"[.data.frame" "[" "subset.data.frame" "subset" "maxneighbors_disc" "ifelse" "make.neighbor.matrices" 
"[.data.frame" "[" "subset.data.frame" "subset" "maxneighbors_disc" "ifelse" "make.neighbor.matrices" 
"[.data.frame" "[" "subset.data.frame" "subset" "maxneighbors_disc" "ifelse" "make.neighbor.matrices" 
"[[.data.frame" "[[" "$.data.frame" "$" "eval" "eval" "subset.data.frame" "subset" "maxneighbors_disc" "ifelse" "make.neighbor.matrices" 
"NextMethod" "[.factor" "[" "[.data.frame" "[" "subset.data.frame" "subset" "maxneighbors_disc" "ifelse" "make.neighbor.matrices" 
"[.data.frame" "[" "subset.data.frame" "subset" "maxneighbors_disc" "ifelse" "make.neighbor.matrices" 
"match" "%in%" "[[.data.frame" "[[" "[.data.frame" "[" "subset.data.frame" "subset" "maxneighbors_disc" "ifelse" "make.neighbor.matrices" 
"[.data.frame" "[" "subset.data.frame" "subset" "maxneighbors_disc" "ifelse" "make.neighbor.matrices" 
"levels.default" "levels" "[.factor" "[" "[.data.frame" "[" "subset.data.frame" "subset" "maxneighbors_disc" "ifelse" "make.neighbor.matrices" 
"[.data.frame" "[" "subset.data.frame" "subset" "maxneighbors_disc" "ifelse" "make.neighbor.matrices" 
"[[.data.frame" "[[" "[.data.frame" "[" "subset.data.frame" "subset" "maxneighbors_disc" "ifelse" "make.neighbor.matrices" 
"&" "eval" "eval" "subset.data.frame" "subset" "maxneighbors_disc" "ifelse" "make.neighbor.matrices" 
"[[.data.frame" "[[" "[.data.frame" "[" "subset.data.frame" "subset" "maxneighbors_disc" "ifelse" "make.neighbor.matrices" 
"[.data.frame" "[" "subset.data.frame" "subset" "maxneighbors_disc" "ifelse" "make.neighbor.matrices" 
"anyDuplicated.default" "anyDuplicated" "[.data.frame" "[" "subset.data.frame" "subset" "maxneighbors_disc" "ifelse" "make.neighbor.matrices" 
"[.data.frame" "[" "subset.data.frame" "subset" "maxneighbors_disc" "ifelse" "make.neighbor.matrices" 
"[[.data.frame" "[[" "[.data.frame" "[" "subset.data.frame" "subset" "maxneighbors_disc" "ifelse" "make.neighbor.matrices" 
"[.data.frame" "[" "subset.data.frame" "subset" "maxneighbors_disc" "ifelse" "make.neighbor.matrices" 
"&" "eval" "eval" "subset.data.frame" "subset" "maxneighbors_disc" "ifelse" "make.neighbor.matrices" 
"matrix" "make.neighbor.matrices" 
"[.data.frame" "[" "subset.data.frame" "subset" "ifelse" "make.neighbor.matrices" 
"[.data.frame" "[" "subset.data.frame" "subset" "ifelse" "make.neighbor.matrices" 
"subset.data.frame" "subset" "ifelse" "make.neighbor.matrices" 
"[.data.frame" "[" "subset.data.frame" "subset" "ifelse" "make.neighbor.matrices" 
"subset" "ifelse" "make.neighbor.matrices" 
"&" "eval" "eval" "subset.data.frame" "subset" "ifelse" "make.neighbor.matrices" 
"&" "eval" "eval" "subset.data.frame" "subset" "ifelse" "make.neighbor.matrices" 
"NextMethod" "[.factor" "[" "[.data.frame" "[" "subset.data.frame" "subset" "ifelse" "make.neighbor.matrices" 
"length" "length" "[.data.frame" "[" "subset.data.frame" "subset" "ifelse" "make.neighbor.matrices" 
"dim" "dim" "nrow" "make.neighbor.matrices" 
"[.data.frame" "[" "subset.data.frame" "subset" "ifelse" "make.neighbor.matrices" 
"[.data.frame" "[" "subset.data.frame" "subset" "ifelse" "make.neighbor.matrices" 
"[.data.frame" "[" "subset.data.frame" "subset" "ifelse" "make.neighbor.matrices" 
"NextMethod" "[.factor" "[" "[.data.frame" "[" "subset.data.frame" "subset" "ifelse" "make.neighbor.matrices" 
">=" "eval" "eval" "subset.data.frame" "subset" "ifelse" "make.neighbor.matrices" 
"[.data.frame" "[" "subset.data.frame" "subset" "ifelse" "make.neighbor.matrices" 
"&" "eval" "eval" "subset.data.frame" "subset" "ifelse" "make.neighbor.matrices" 
"[[.data.frame" "[[" "[.data.frame" "[" "subset.data.frame" "subset" "ifelse" "make.neighbor.matrices" 
"match" "[.data.frame" "[" "subset.data.frame" "subset" "ifelse" "make.neighbor.matrices" 
">=" "eval" "eval" "subset.data.frame" "subset" "ifelse" "make.neighbor.matrices" 
"[.data.frame" "[" "subset.data.frame" "subset" "ifelse" "make.neighbor.matrices" 
"&" "eval" "eval" "subset.data.frame" "subset" "ifelse" "make.neighbor.matrices" 
"eval" "subset.data.frame" "subset" "ifelse" "make.neighbor.matrices" 
"[[" "[.data.frame" "[" "subset.data.frame" "subset" "ifelse" "make.neighbor.matrices" 
"[" "make.neighbor.matrices" 
"<Anonymous>" "[[.data.frame" "[[" "[.data.frame" "[" "subset.data.frame" "subset" "ifelse" "make.neighbor.matrices" 
"[.data.frame" "[" "subset.data.frame" "subset" "ifelse" "make.neighbor.matrices" 
"NextMethod" "[.factor" "[" "[.data.frame" "[" "subset.data.frame" "subset" "ifelse" "make.neighbor.matrices" 
"match" "%in%" "[[.data.frame" "[[" "[.data.frame" "[" "subset.data.frame" "subset" "ifelse" "make.neighbor.matrices" 
"NextMethod" "[.factor" "[" "[.data.frame" "[" "subset.data.frame" "subset" "ifelse" "make.neighbor.matrices" 
"ifelse" "neighdist" "make.neighbor.matrices" 
"[.data.frame" "[" "subset.data.frame" "subset" "ifelse" "make.neighbor.matrices" 
"[.data.frame" "[" "subset.data.frame" "subset" "ifelse" "make.neighbor.matrices" 
"[.data.frame" "[" "subset.data.frame" "subset" "ifelse" "make.neighbor.matrices" 
"subset.data.frame" "subset" "ifelse" "make.neighbor.matrices" 
"NextMethod" "[.factor" "[" "[.data.frame" "[" "subset.data.frame" "subset" "ifelse" "make.neighbor.matrices" 
"NextMethod" "[.factor" "[" "[.data.frame" "[" "subset.data.frame" "subset" "ifelse" "make.neighbor.matrices" 
"[.data.frame" "[" "subset.data.frame" "subset" "ifelse" "make.neighbor.matrices" 
"[.data.frame" "[" "subset.data.frame" "subset" "ifelse" "make.neighbor.matrices" 
"NextMethod" "[.factor" "[" "[.data.frame" "[" "subset.data.frame" "subset" "ifelse" "make.neighbor.matrices" 
"[.data.frame" "[" "subset.data.frame" "subset" "ifelse" "make.neighbor.matrices" 
"NextMethod" "[.factor" "[" "[.data.frame" "[" "subset.data.frame" "subset" "ifelse" "make.neighbor.matrices" 
"[.data.frame" "[" "subset.data.frame" "subset" "ifelse" "make.neighbor.matrices" 
"anyDuplicated" "[.data.frame" "[" "subset.data.frame" "subset" "ifelse" "make.neighbor.matrices" 
"[.data.frame" "[" "subset.data.frame" "subset" "ifelse" "make.neighbor.matrices" 
"[.data.frame" "[" "subset.data.frame" "subset" "ifelse" "make.neighbor.matrices" 
"all" "[[.data.frame" "[[" "$.data.frame" "$" "eval" "eval" "subset.data.frame" "subset" "ifelse" "make.neighbor.matrices" 
"[.data.frame" "[" "subset.data.frame" "subset" "ifelse" "make.neighbor.matrices" 
"[.data.frame" "[" "subset.data.frame" "subset" "ifelse" "make.neighbor.matrices" 
"[.data.frame" "[" "subset.data.frame" "subset" "ifelse" "make.neighbor.matrices" 
"[.data.frame" "[" "subset.data.frame" "subset" "ifelse" "make.neighbor.matrices" 
"NextMethod" "[.factor" "[" "[.data.frame" "[" "subset.data.frame" "subset" "ifelse" "make.neighbor.matrices" 
"[.data.frame" "[" "subset.data.frame" "subset" "ifelse" "make.neighbor.matrices" 
"&" "eval" "eval" "subset.data.frame" "subset" "ifelse" "make.neighbor.matrices" 
"eval" "eval" "subset.data.frame" "subset" "ifelse" "make.neighbor.matrices" 
"[.data.frame" "[" "subset.data.frame" "subset" "ifelse" "make.neighbor.matrices" 
"levels" "[.factor" "[" "[.data.frame" "[" "subset.data.frame" "subset" "ifelse" "make.neighbor.matrices" 
"match" "%in%" "[[.data.frame" "[[" "$.data.frame" "$" "make.neighbor.matrices" 
"[.data.frame" "[" "subset.data.frame" "subset" "ifelse" "make.neighbor.matrices" 
"&" "eval" "eval" "subset.data.frame" "subset" "ifelse" "make.neighbor.matrices" 
"[.factor" "[" "[.data.frame" "[" "subset.data.frame" "subset" "ifelse" "make.neighbor.matrices" 
"[.data.frame" "[" "subset.data.frame" "subset" "ifelse" "make.neighbor.matrices" 
"structure" "[.data.frame" "[" "subset.data.frame" "subset" "ifelse" "make.neighbor.matrices" 
"[.data.frame" "[" "subset.data.frame" "subset" "ifelse" "make.neighbor.matrices" 
"&" "eval" "eval" "subset.data.frame" "subset" "ifelse" "make.neighbor.matrices" 
"match" "%in%" "[[.data.frame" "[[" "[.data.frame" "[" "subset.data.frame" "subset" "ifelse" "make.neighbor.matrices" 
"[[" "[.data.frame" "[" "subset.data.frame" "subset" "ifelse" "make.neighbor.matrices" 
"[.data.frame" "[" "subset.data.frame" "subset" "ifelse" "make.neighbor.matrices" 
"[.data.frame" "[" "subset.data.frame" "subset" "ifelse" "make.neighbor.matrices" 
"[.data.frame" "[" "subset.data.frame" "subset" "ifelse" "make.neighbor.matrices" 
"[.data.frame" "[" "subset.data.frame" "subset" "ifelse" "make.neighbor.matrices" 
"[.data.frame" "[" "make.neighbor.matrices" 
"[.data.frame" "[" "subset.data.frame" "subset" "ifelse" "make.neighbor.matrices" 
"make.neighbor.matrices" 
"[.data.frame" "[" "subset.data.frame" "subset" "ifelse" "make.neighbor.matrices" 
"neighdist" "make.neighbor.matrices" 
"NextMethod" "[.factor" "[" "[.data.frame" "[" "subset.data.frame" "subset" "ifelse" "make.neighbor.matrices" 
"NextMethod" "[.factor" "[" "[.data.frame" "[" "subset.data.frame" "subset" "ifelse" "make.neighbor.matrices" 
"[.data.frame" "[" "subset.data.frame" "subset" "ifelse" "make.neighbor.matrices" 
"[.data.frame" "[" "subset.data.frame" "subset" "ifelse" "make.neighbor.matrices" 
"dim" "dim" "nrow" "make.neighbor.matrices" 
".subset2" "<Anonymous>" "[[.data.frame" "[[" "[.data.frame" "[" "subset.data.frame" "subset" "ifelse" "make.neighbor.matrices" 
"dim.data.frame" "dim" "dim" "nrow" "make.neighbor.matrices" 
"[.data.frame" "[" "subset.data.frame" "subset" "ifelse" "make.neighbor.matrices" 
"[.data.frame" "[" "subset.data.frame" "subset" "ifelse" "make.neighbor.matrices" 
"==" "eval" "eval" "subset.data.frame" "subset" "ifelse" "make.neighbor.matrices" 
"anyDuplicated" "[.data.frame" "[" "subset.data.frame" "subset" "ifelse" "make.neighbor.matrices" 
"subset.data.frame" "subset" "ifelse" "make.neighbor.matrices" 
"NextMethod" "[.factor" "[" "[.data.frame" "[" "subset.data.frame" "subset" "ifelse" "make.neighbor.matrices" 
"attr" "[.factor" "[" "[.data.frame" "[" "subset.data.frame" "subset" "ifelse" "make.neighbor.matrices" 
"[.data.frame" "[" "subset.data.frame" "subset" "ifelse" "make.neighbor.matrices" 
"NextMethod" "[.factor" "[" "[.data.frame" "[" "subset.data.frame" "subset" "ifelse" "make.neighbor.matrices" 
"[[" "[.data.frame" "[" "subset.data.frame" "subset" "ifelse" "make.neighbor.matrices" 
"ifelse" "make.neighbor.matrices" 
"match" "%in%" "[[.data.frame" "[[" "$.data.frame" "$" "make.neighbor.matrices" 
"[[" "[.data.frame" "[" "subset.data.frame" "subset" "ifelse" "make.neighbor.matrices" 
"NextMethod" "[.factor" "[" "[.data.frame" "[" "subset.data.frame" "subset" "ifelse" "make.neighbor.matrices" 
"match" "%in%" "[[.data.frame" "[[" "[.data.frame" "[" "subset.data.frame" "subset" "ifelse" "make.neighbor.matrices" 
"!=" "eval" "eval" "subset.data.frame" "subset" "ifelse" "make.neighbor.matrices" 
"!=" "eval" "eval" "subset.data.frame" "subset" "ifelse" "make.neighbor.matrices" 
"&" "eval" "eval" "subset.data.frame" "subset" "ifelse" "make.neighbor.matrices" 
"[.data.frame" "[" "subset.data.frame" "subset" "ifelse" "make.neighbor.matrices" 
"<" "eval" "eval" "subset.data.frame" "subset" "ifelse" "make.neighbor.matrices" 
"[.data.frame" "[" "subset.data.frame" "subset" "ifelse" "make.neighbor.matrices" 
"[.data.frame" "[" "subset.data.frame" "subset" "ifelse" "make.neighbor.matrices" 
"[.data.frame" "[" "subset.data.frame" "subset" "ifelse" "make.neighbor.matrices" 
"subset.data.frame" "subset" "ifelse" "make.neighbor.matrices" 
"[.data.frame" "[" "subset.data.frame" "subset" "ifelse" "make.neighbor.matrices" 
"[.data.frame" "[" "subset.data.frame" "subset" "ifelse" "make.neighbor.matrices" 
"[.data.frame" "[" "subset.data.frame" "subset" "ifelse" "make.neighbor.matrices" 
"<" "eval" "eval" "subset.data.frame" "subset" "ifelse" "make.neighbor.matrices" 
"[[.data.frame" "[[" "$.data.frame" "$" "ifelse" "neighdist" "make.neighbor.matrices" 
"&" "eval" "eval" "subset.data.frame" "subset" "ifelse" "make.neighbor.matrices" 
"[.data.frame" "[" "subset.data.frame" "subset" "ifelse" "make.neighbor.matrices" 
"make.neighbor.matrices" 
"[.data.frame" "[" "subset.data.frame" "subset" "ifelse" "make.neighbor.matrices" 
"[.data.frame" "[" "subset.data.frame" "subset" "ifelse" "make.neighbor.matrices" 
"[.data.frame" "[" "subset.data.frame" "subset" "ifelse" "make.neighbor.matrices" 
"<Anonymous>" "[[.data.frame" "[[" "[.data.frame" "[" "subset.data.frame" "subset" "ifelse" "make.neighbor.matrices" 
"[.data.frame" "[" "subset.data.frame" "subset" "ifelse" "make.neighbor.matrices" 
"[.data.frame" "[" "subset.data.frame" "subset" "ifelse" "make.neighbor.matrices" 
"==" "eval" "eval" "subset.data.frame" "subset" "ifelse" "make.neighbor.matrices" 
"[.data.frame" "[" "subset.data.frame" "subset" "ifelse" "make.neighbor.matrices" 
"[[.data.frame" "[[" "[.data.frame" "[" "subset.data.frame" "subset" "ifelse" "make.neighbor.matrices" 
"match" "%in%" "[[.data.frame" "[[" "[.data.frame" "[" "subset.data.frame" "subset" "ifelse" "make.neighbor.matrices" 
"[.data.frame" "[" "subset.data.frame" "subset" "ifelse" "make.neighbor.matrices" 
"[.data.frame" "[" "subset.data.frame" "subset" "ifelse" "make.neighbor.matrices" 
"==" "eval" "eval" "subset.data.frame" "subset" "ifelse" "make.neighbor.matrices" 
"[.data.frame" "[" "subset.data.frame" "subset" "ifelse" "make.neighbor.matrices" 
"[.data.frame" "[" "subset.data.frame" "subset" "ifelse" "make.neighbor.matrices" 
"&" "eval" "eval" "subset.data.frame" "subset" "ifelse" "make.neighbor.matrices" 
"&" "eval" "eval" "subset.data.frame" "subset" "ifelse" "make.neighbor.matrices" 
"match" "%in%" "[[.data.frame" "[[" "[.data.frame" "[" "subset.data.frame" "subset" "ifelse" "make.neighbor.matrices" 
"!=" "eval" "eval" "subset.data.frame" "subset" "ifelse" "make.neighbor.matrices" 
"[.data.frame" "[" "subset.data.frame" "subset" "ifelse" "make.neighbor.matrices" 
"NextMethod" "[.factor" "[" "[.data.frame" "[" "subset.data.frame" "subset" "ifelse" "make.neighbor.matrices" 
"&" "eval" "eval" "subset.data.frame" "subset" "ifelse" "make.neighbor.matrices" 
"[.data.frame" "[" "subset.data.frame" "subset" "ifelse" "make.neighbor.matrices" 
"[.data.frame" "[" "subset.data.frame" "subset" "ifelse" "make.neighbor.matrices" 
"[.data.frame" "[" "subset.data.frame" "subset" "ifelse" "make.neighbor.matrices" 
"NextMethod" "[.factor" "[" "[.data.frame" "[" "subset.data.frame" "subset" "ifelse" "make.neighbor.matrices" 
"&" "eval" "eval" "subset.data.frame" "subset" "ifelse" "make.neighbor.matrices" 
"[.data.frame" "[" "subset.data.frame" "subset" "ifelse" "make.neighbor.matrices" 
"<" "eval" "eval" "subset.data.frame" "subset" "ifelse" "make.neighbor.matrices" 
"[.data.frame" "[" "subset.data.frame" "subset" "ifelse" "make.neighbor.matrices" 
"[.data.frame" "[" "subset.data.frame" "subset" "ifelse" "make.neighbor.matrices" 
"[.data.frame" "[" "subset.data.frame" "subset" "ifelse" "make.neighbor.matrices" 
"&" "eval" "eval" "subset.data.frame" "subset" "ifelse" "make.neighbor.matrices" 
"&" "eval" "eval" "subset.data.frame" "subset" "ifelse" "make.neighbor.matrices" 
"<" "eval" "eval" "subset.data.frame" "subset" "ifelse" "make.neighbor.matrices" 
"$" "make.neighbor.matrices" 
"[.data.frame" "[" "subset.data.frame" "subset" "ifelse" "make.neighbor.matrices" 
"is.na" "subset.data.frame" "subset" "ifelse" "make.neighbor.matrices" 
"names" "names" "[.data.frame" "[" "eval" "eval" "subset.data.frame" "subset" "ifelse" "make.neighbor.matrices" 
"[.data.frame" "[" "subset.data.frame" "subset" "ifelse" "make.neighbor.matrices" 
"[.data.frame" "[" "subset.data.frame" "subset" "ifelse" "make.neighbor.matrices" 
"[.data.frame" "[" "subset.data.frame" "subset" "ifelse" "make.neighbor.matrices" 
"NextMethod" "[.factor" "[" "[.data.frame" "[" "subset.data.frame" "subset" "ifelse" "make.neighbor.matrices" 
"[.data.frame" "[" "subset.data.frame" "subset" "ifelse" "make.neighbor.matrices" 
"[.data.frame" "[" "subset.data.frame" "subset" "ifelse" "make.neighbor.matrices" 
"levels.default" "levels" "[.factor" "[" "[.data.frame" "[" "subset.data.frame" "subset" "ifelse" "make.neighbor.matrices" 
"<" "eval" "eval" "subset.data.frame" "subset" "ifelse" "make.neighbor.matrices" 
"%in%" "[[.data.frame" "[[" "$.data.frame" "$" "eval" "eval" "subset.data.frame" "subset" "ifelse" "make.neighbor.matrices" 
"[.data.frame" "[" "subset.data.frame" "subset" "ifelse" "make.neighbor.matrices" 
"NextMethod" "[.factor" "[" "[.data.frame" "[" "subset.data.frame" "subset" "ifelse" "make.neighbor.matrices" 
"[.data.frame" "[" "subset.data.frame" "subset" "ifelse" "make.neighbor.matrices" 
"&" "eval" "eval" "subset.data.frame" "subset" "ifelse" "make.neighbor.matrices" 
"anyDuplicated" "[.data.frame" "[" "subset.data.frame" "subset" "ifelse" "make.neighbor.matrices" 
"&" "eval" "eval" "subset.data.frame" "subset" "ifelse" "make.neighbor.matrices" 
"NextMethod" "[.factor" "[" "[.data.frame" "[" "subset.data.frame" "subset" "ifelse" "make.neighbor.matrices" 
"[.data.frame" "[" "subset.data.frame" "subset" "ifelse" "make.neighbor.matrices" 
"anyDuplicated" "[.data.frame" "[" "subset.data.frame" "subset" "ifelse" "make.neighbor.matrices" 
"NextMethod" "[.factor" "[" "[.data.frame" "[" "subset.data.frame" "subset" "ifelse" "make.neighbor.matrices" 
"[.data.frame" "[" "subset.data.frame" "subset" "ifelse" "make.neighbor.matrices" 
"NextMethod" "[.factor" "[" "[.data.frame" "[" "subset.data.frame" "subset" "ifelse" "make.neighbor.matrices" 
"eval" "eval" "subset.data.frame" "subset" "ifelse" "make.neighbor.matrices" 
"all" "[[.data.frame" "[[" "[.data.frame" "[" "subset.data.frame" "subset" "ifelse" "make.neighbor.matrices" 
"<" "eval" "eval" "subset.data.frame" "subset" "ifelse" "make.neighbor.matrices" 
"&" "eval" "eval" "subset.data.frame" "subset" "ifelse" "make.neighbor.matrices" 
"make.neighbor.matrices" 
"[.data.frame" "[" "subset.data.frame" "subset" "ifelse" "make.neighbor.matrices" 
"[.data.frame" "[" "subset.data.frame" "subset" "ifelse" "make.neighbor.matrices" 
"is.na" "subset.data.frame" "subset" "ifelse" "make.neighbor.matrices" 
"[[.data.frame" "[[" "$.data.frame" "$" "eval" "eval" "subset.data.frame" "subset" "ifelse" "make.neighbor.matrices" 
"subset.data.frame" "subset" "ifelse" "make.neighbor.matrices" 
"NextMethod" "[.factor" "[" "[.data.frame" "[" "subset.data.frame" "subset" "ifelse" "make.neighbor.matrices" 
"[" "[.data.frame" "[" "subset.data.frame" "subset" "ifelse" "make.neighbor.matrices" 
"ifelse" "make.neighbor.matrices" 
"[.data.frame" "[" "subset.data.frame" "subset" "ifelse" "make.neighbor.matrices" 
"[.data.frame" "[" "subset.data.frame" "subset" "ifelse" "make.neighbor.matrices" 
"anyDuplicated" "[.data.frame" "[" "subset.data.frame" "subset" "ifelse" "make.neighbor.matrices" 
"ifelse" "make.neighbor.matrices" 
"[.data.frame" "[" "subset.data.frame" "subset" "ifelse" "make.neighbor.matrices" 
"NextMethod" "[.factor" "[" "[.data.frame" "[" "subset.data.frame" "subset" "ifelse" "make.neighbor.matrices" 
"[.data.frame" "[" "subset.data.frame" "subset" "ifelse" "make.neighbor.matrices" 
"NextMethod" "[.factor" "[" "[.data.frame" "[" "subset.data.frame" "subset" "ifelse" "make.neighbor.matrices" 
"anyDuplicated" "[.data.frame" "[" "subset.data.frame" "subset" "ifelse" "make.neighbor.matrices" 
"[.data.frame" "[" "subset.data.frame" "subset" "ifelse" "make.neighbor.matrices" 
"&" "eval" "eval" "subset.data.frame" "subset" "ifelse" "make.neighbor.matrices" 
"NextMethod" "[.factor" "[" "[.data.frame" "[" "subset.data.frame" "subset" "ifelse" "make.neighbor.matrices" 
":" "make.neighbor.matrices" 
"<" "eval" "eval" "subset.data.frame" "subset" "ifelse" "make.neighbor.matrices" 
"ifelse" "make.neighbor.matrices" 
".row_names_info" "dim.data.frame" "dim" "dim" "nrow" "make.neighbor.matrices" 
"NextMethod" "[.factor" "[" "[.data.frame" "[" "subset.data.frame" "subset" "ifelse" "make.neighbor.matrices" 
"[.data.frame" "[" "subset.data.frame" "subset" "ifelse" "make.neighbor.matrices" 
"length" "length" "dim.data.frame" "dim" "dim" "nrow" "make.neighbor.matrices" 
"NextMethod" "[.factor" "[" "[.data.frame" "[" "subset.data.frame" "subset" "ifelse" "make.neighbor.matrices" 
"[.data.frame" "[" "subset.data.frame" "subset" "ifelse" "make.neighbor.matrices" 
"[.data.frame" "[" "subset.data.frame" "subset" "ifelse" "make.neighbor.matrices" 
"names" "match" "%in%" "[[.data.frame" "[[" "[.data.frame" "[" "subset.data.frame" "subset" "ifelse" "make.neighbor.matrices" 
"FUN" "lapply" "methods" "doTryCatch" "tryCatchOne" "tryCatchList" "doTryCatch" "tryCatchOne" "tryCatchList" "tryCatch" "<Anonymous>" "gsub" "doTryCatch" "tryCatchOne" "tryCatchList" "tryCatch" ".ess_funargs" 
"get" "FUN" "lapply" "getAnywhere" "<Anonymous>" "do.call" "FUN" "lapply" "unlist" "unique" "<Anonymous>" "gsub" "doTryCatch" "tryCatchOne" "tryCatchList" "tryCatch" ".ess_funargs" 
"[" "tabExpand" "psub" "unescape" "paste0" "put" "putw" "writeBlock" "writeContent" "writeContent" "writeSection" "<Anonymous>" "print.help_files_with_topic" "print" 
"file.show" "print.help_files_with_topic" "print" 
"FUN" "lapply" "summaryRprof" 
"parse" "eval" "doTryCatch" "tryCatchOne" "tryCatchList" "tryCatch" ".ess_funargs" 
"sub" "methods" "doTryCatch" "tryCatchOne" "tryCatchList" "doTryCatch" "tryCatchOne" "tryCatchList" "tryCatch" "<Anonymous>" "gsub" "doTryCatch" "tryCatchOne" "tryCatchList" "tryCatch" ".ess_funargs" 
"FUN" "lapply" "methods" "doTryCatch" "tryCatchOne" "tryCatchList" "doTryCatch" "tryCatchOne" "tryCatchList" "tryCatch" "<Anonymous>" "gsub" "doTryCatch" "tryCatchOne" "tryCatchList" "tryCatch" ".ess_funargs" 
"ls" "match" "%in%" "find" "getAnywhere" "argsAnywhere" "do.call" ".ess_funargs" 
"deparse" "eval" "match.arg" "sort.list" "[.data.frame" "[" "methods" "doTryCatch" "tryCatchOne" "tryCatchList" "doTryCatch" "tryCatchOne" "tryCatchList" "tryCatch" "<Anonymous>" "gsub" "doTryCatch" "tryCatchOne" "tryCatchList" "tryCatch" ".ess_funargs" 
"gzfile" "readRDS" "index.search" "help" 
"paste0" "put" "writeQ" "writeBlock" "writeContent" "writeSection" "<Anonymous>" "print.help_files_with_topic" "print" 
"put" "putw" "writeBlock" "writeContent" "writeContent" "writeBlock" "writeContent" "writeSection" "<Anonymous>" "print.help_files_with_topic" "print" 
"get" "findGeneric" "methods" "doTryCatch" "tryCatchOne" "tryCatchList" "doTryCatch" "tryCatchOne" "tryCatchList" "tryCatch" "<Anonymous>" "gsub" "doTryCatch" "tryCatchOne" "tryCatchList" "tryCatch" ".ess_funargs" 
"[" "tabExpand" "psub" "unescape" "paste0" "put" "putw" "writeBlock" "writeContent" "writeSection" "<Anonymous>" "print.help_files_with_topic" "print" 
"FUN" "lapply" "methods" "doTryCatch" "tryCatchOne" "tryCatchList" "doTryCatch" "tryCatchOne" "tryCatchList" "tryCatch" "<Anonymous>" "gsub" "doTryCatch" "tryCatchOne" "tryCatchList" "tryCatch" ".ess_funargs" 
"..getNamespace" "lazyLoadDBfetch" "get" ":::" ".ess_get_completions" 
"structure" ".encode_numeric_version" "Ops.numeric_version" ">" ".ess_get_completions" 
"structure" ".encode_numeric_version" "Ops.numeric_version" ">" ".ess_funargs" 
"readRDS" "lazyLoadDBexec" "<Anonymous>" ".getHelpFile" "prepare_Rd" "<Anonymous>" "print.help_files_with_topic" "print" 
"readRDS" "index.search" "help" 
"character" "strwrap" "flushBuffer" "blankLine" "writeSection" "<Anonymous>" "print.help_files_with_topic" "print" 
"FUN" "lapply" "methods" "doTryCatch" "tryCatchOne" "tryCatchList" "doTryCatch" "tryCatchOne" "tryCatchList" "tryCatch" "<Anonymous>" "gsub" "doTryCatch" "tryCatchOne" "tryCatchList" "tryCatch" ".ess_funargs" 
"ls" "match" "%in%" "find" "getAnywhere" "<Anonymous>" "do.call" "FUN" "lapply" "unlist" "unique" "<Anonymous>" "gsub" "doTryCatch" "tryCatchOne" "tryCatchList" "tryCatch" ".ess_funargs" 
"readRDS" "index.search" "help" 
"is.factor" "unique.default" "unique" "simplify2array" "sapply" "RdTags" "writeContent" "writeQ" "writeBlock" "writeContent" "writeSection" "<Anonymous>" "print.help_files_with_topic" "print" 
"blankLine" "writeSection" "<Anonymous>" "print.help_files_with_topic" "print" 
"parse" "eval" "doTryCatch" "tryCatchOne" "tryCatchList" "tryCatch" ".ess_funargs" 
"readRDS" "index.search" "help" 
"psub" "unescape" "paste0" "put" "putw" "writeBlock" "writeContent" "writeContent" "writeSection" "<Anonymous>" "print.help_files_with_topic" "print" 
"putw" "writeBlock" "writeContent" "writeSection" "<Anonymous>" "print.help_files_with_topic" "print" 
"parse" "eval" "doTryCatch" "tryCatchOne" "tryCatchList" "tryCatch" ".ess_funargs" 
"isNamespace" "asNamespace" "getNamespaceInfo" "getInternalExportName" "getExportedValue" "::" ".ess_funargs" 
"FUN" "lapply" "methods" "doTryCatch" "tryCatchOne" "tryCatchList" "doTryCatch" "tryCatchOne" "tryCatchList" "tryCatch" "<Anonymous>" "gsub" "doTryCatch" "tryCatchOne" "tryCatchList" "tryCatch" ".ess_funargs" 
"file.path" "file.exists" "index.search" "help" 
"grepl" "blankLine" "writeBlock" "writeContent" "writeContent" "writeBlock" "writeContent" "writeContent" "writeSection" "<Anonymous>" "print.help_files_with_topic" "print" 
"file.show" "print.help_files_with_topic" "print" 
"grepl" "put" "writeBlock" "writeContent" "writeContent" "writeSection" "<Anonymous>" "print.help_files_with_topic" "print" 
"match.fun" "sapply" "RdTags" "writeContent" "writeBlock" "writeContent" "writeSection" "<Anonymous>" "print.help_files_with_topic" "print" 
"put" "writeQ" "writeBlock" "writeContent" "writeSection" "<Anonymous>" "print.help_files_with_topic" "print" 
"parse" "eval" "doTryCatch" "tryCatchOne" "tryCatchList" "tryCatch" ".ess_funargs" 
".make_numeric_version" "numeric_version" "as.numeric_version" "Ops.numeric_version" ">" ".ess_funargs" 
"readRDS" "index.search" ".ess.helpFUN" ".ess.help" 
"unique" ".make_numeric_version" "numeric_version" "as.numeric_version" "Ops.numeric_version" ">" ".ess_funargs" 
".ess_funargs" 
"tryCatch" ".ess_funargs" 
"readRDS" "index.search" ".ess.helpFUN" ".ess.help" 
"FUN" "lapply" "methods" "doTryCatch" "tryCatchOne" "tryCatchList" "doTryCatch" "tryCatchOne" "tryCatchList" "tryCatch" "<Anonymous>" "gsub" "doTryCatch" "tryCatchOne" "tryCatchList" "tryCatch" ".ess_funargs" 
"ls" "match" "%in%" "find" "getAnywhere" "<Anonymous>" "do.call" "FUN" "lapply" "unlist" "unique" "<Anonymous>" "gsub" "doTryCatch" "tryCatchOne" "tryCatchList" "tryCatch" ".ess_funargs" 
"unique" "simplify2array" "sapply" "RdTags" "Rd2txt" "tryCatchList" "tryCatch" ".Rd_get_text" ".Rd_get_title" "gsub" ".Rd_format_title" "<Anonymous>" "print.help_files_with_topic" "print" 
"tabExpand" "psub" "unescape" "paste0" "put" "putw" "writeBlock" "writeContent" "writeSection" "<Anonymous>" "print.help_files_with_topic" "print" 
"file.show" "print.help_files_with_topic" "print" 
"getFromFrame" "<Anonymous>" "lazyLoadDBfetch" "fetch" "fun" "lazyLoadDBexec" "<Anonymous>" ".getHelpFile" "prepare_Rd" "<Anonymous>" "print.help_files_with_topic" "print" 
"grepl" "put" "writeContent" "writeSection" "<Anonymous>" "print.help_files_with_topic" "print" 
"grepl" "put" "writeQ" "writeBlock" "writeContent" "writeSection" "<Anonymous>" "print.help_files_with_topic" "print" 
"length" "length" ".mergeMethodsTable" ".updateMethodsInTable" "<Anonymous>" "loadNamespace" "doTryCatch" "tryCatchOne" "tryCatchList" "tryCatch" "try" "library" 
"possibleExtends" "is" ".checkGroupSigLength" "Recall" ".checkGroupSigLength" ".updateMethodsInTable" ".updateMethodsInTable" "<Anonymous>" "loadNamespace" "doTryCatch" "tryCatchOne" "tryCatchList" "tryCatch" "try" "library" 
"length" "FUN" "lapply" ".checkGroupSigLength" "Recall" ".checkGroupSigLength" ".updateMethodsInTable" ".updateMethodsInTable" ".updateMethodsInTable" "<Anonymous>" "loadNamespace" "doTryCatch" "tryCatchOne" "tryCatchList" "tryCatch" "try" "library" 
"get" "getGeneric" ".recMembers" "Recall" ".recMembers" "getGroupMembers" ".checkGroupSigLength" "Recall" ".checkGroupSigLength" ".updateMethodsInTable" ".updateMethodsInTable" ".updateMethodsInTable" "<Anonymous>" "loadNamespace" "doTryCatch" "tryCatchOne" "tryCatchList" "tryCatch" "try" "library" 
"exists" ".findAll" ".findBasicFuns" "genericForPrimitive" "getGeneric" ".recMembers" "Recall" ".recMembers" "getGroupMembers" ".checkGroupSigLength" "Recall" ".checkGroupSigLength" ".updateMethodsInTable" ".updateMethodsInTable" "<Anonymous>" "loadNamespace" "doTryCatch" "tryCatchOne" "tryCatchList" "tryCatch" "try" "library" 
"objects" "match" "checkConflicts" "attach" "attachNamespace" "doTryCatch" "tryCatchOne" "tryCatchList" "tryCatch" "try" "library" 
"objects" "match" "checkConflicts" "attach" "attachNamespace" "doTryCatch" "tryCatchOne" "tryCatchList" "tryCatch" "try" "library" "doTryCatch" "tryCatchOne" "tryCatchList" "tryCatch" "require" "getPlugin" "sprintf" "FUN" "lapply" "cxxfunction" 
"objects" "match" "checkConflicts" "library" "doTryCatch" "tryCatchOne" "tryCatchList" "tryCatch" "require" "getPlugin" "sprintf" "FUN" "lapply" "cxxfunction" 
"doTryCatch" "tryCatchOne" "tryCatchList" "tryCatch" "try" "FUN" "lapply" "methods" "doTryCatch" "tryCatchOne" "tryCatchList" "doTryCatch" "tryCatchOne" "tryCatchList" "tryCatch" "<Anonymous>" "gsub" "doTryCatch" "tryCatchOne" "tryCatchList" "tryCatch" ".ess_funargs" 
"ls" "match" "%in%" "find" "getAnywhere" "argsAnywhere" "do.call" ".ess_funargs" 
"ls" "match" "%in%" "find" "getAnywhere" "<Anonymous>" "do.call" "FUN" "lapply" "unlist" "unique" "<Anonymous>" "gsub" "doTryCatch" "tryCatchOne" "tryCatchList" "tryCatch" ".ess_funargs" 
"readRDS" "index.search" ".ess.helpFUN" ".ess.help" 
"paste0" "put" "writeQ" "writeBlock" "writeContent" "writeSection" "<Anonymous>" "print.help_files_with_topic" "print" 
"cat" "compileCode" "cxxfunction" 
"readRDS" "lazyLoadDBexec" "<Anonymous>" ".getHelpFile" "prepare_Rd" "<Anonymous>" "print.help_files_with_topic" "print" 
"paste" "strwrap" "paste" "txt_header" "paste0" "put" "putf" "writeSection" "<Anonymous>" "print.help_files_with_topic" "print" 
"character" "strwrap" "paste" "txt_header" "paste0" "put" "putf" "<Anonymous>" "print.help_files_with_topic" "print" 
"file.show" "print.help_files_with_topic" "print" 
"lazyLoadDBexec" "<Anonymous>" ".getHelpFile" "prepare_Rd" "<Anonymous>" "print.help_files_with_topic" "print" 
"lapply" "unlist" "unique" "simplify2array" "sapply" "RdTags" "writeContent" "writeSection" "<Anonymous>" "print.help_files_with_topic" "print" 
"grep" "txt_header" "paste0" "put" "putf" "<Anonymous>" "print.help_files_with_topic" "print" 
"readRDS" "index.search" "help" 
"sapply" "RdTags" "writeContent" "writeContent" "writeSection" "<Anonymous>" "print.help_files_with_topic" "print" 
"unlist" "simplify2array" "sapply" "RdTags" "writeContent" "writeSection" "<Anonymous>" "print.help_files_with_topic" "print" 
"paste0" "put" "putw" "writeBlock" "writeContent" "writeContent" "writeSection" "<Anonymous>" "print.help_files_with_topic" "print" 
"grepl" "put" "putf" "writeSection" "<Anonymous>" "print.help_files_with_topic" "print" 
"lazyLoadDBfetch" "fetch" "fun" "lazyLoadDBexec" "<Anonymous>" ".getHelpFile" "prepare_Rd" "<Anonymous>" "print.help_files_with_topic" "print" 
"FUN" "lapply" "strwrap" "flushBuffer" "blankLine" "writeSection" "<Anonymous>" "print.help_files_with_topic" "print" 
"readRDS" "index.search" "help" 
"readRDS" "index.search" ".ess.helpFUN" ".ess.help" 
"FUN" "lapply" "methods" "doTryCatch" "tryCatchOne" "tryCatchList" "doTryCatch" "tryCatchOne" "tryCatchList" "tryCatch" "<Anonymous>" "gsub" "doTryCatch" "tryCatchOne" "tryCatchList" "tryCatch" ".ess_funargs" 
"gzfile" "readRDS" "index.search" "help" "findArgHelp" "doTryCatch" "tryCatchOne" "tryCatchList" "doTryCatch" "tryCatchOne" "tryCatchList" "tryCatch" "getArgHelp" 
"lazyLoadDBfetch" "fetch" "fun" "lazyLoadDBexec" "<Anonymous>" ".getHelpFile" "prepare_Rd" "<Anonymous>" "print.help_files_with_topic" "print" 
"paste0" "put" "writeQ" "writeBlock" "writeContent" "writeContent" "writeSection" "<Anonymous>" "print.help_files_with_topic" "print" 
"grep" "flushBuffer" "blankLine" "writeContent" "writeBlock" "writeContent" "writeSection" "<Anonymous>" "print.help_files_with_topic" "print" 
"strwrap" "flushBuffer" "blankLine" "writeContent" "writeBlock" "writeContent" "writeSection" "<Anonymous>" "print.help_files_with_topic" "print" 
"close" "readRDS" "index.search" "help" "findArgHelp" "doTryCatch" "tryCatchOne" "tryCatchList" "doTryCatch" "tryCatchOne" "tryCatchList" "tryCatch" "getArgHelp" 
"find.package" "cxxfunction" 
"FUN" "lapply" "methods" "doTryCatch" "tryCatchOne" "tryCatchList" "doTryCatch" "tryCatchOne" "tryCatchList" "tryCatch" "<Anonymous>" "gsub" "doTryCatch" "tryCatchOne" "tryCatchList" "tryCatch" ".ess_funargs" 
"objects" "print" 
"structure" ".POSIXct" "Sys.time" "srcfilecopy" "parse" "eval" "doTryCatch" "tryCatchOne" "tryCatchList" "tryCatch" ".ess_funargs" 
"parse" "eval" "doTryCatch" "tryCatchOne" "tryCatchList" "tryCatch" ".ess_funargs" 
"match" "%in%" "structure" ".POSIXct" "Sys.time" "srcfilecopy" "parse" "eval" "doTryCatch" "tryCatchOne" "tryCatchList" "tryCatch" ".ess_funargs" 
"%in%" "strwrap" "flushBuffer" "blankLine" "Rd2txt" "tryCatchList" "tryCatch" ".Rd_get_text" ".Rd_get_title" "gsub" ".Rd_format_title" "<Anonymous>" "print.help_files_with_topic" "print" 
"%in%" "deparse" "mode" "match" "%in%" "deparse" "paste" "force" "as.data.frame.integer" "as.data.frame" "data.frame" "inFunction" "<Anonymous>" ".ess_get_completions" 
"readRDS" "index.search" "help" 
"close" "readRDS" "index.search" ".ess.helpFUN" ".ess.help" 
"put" "putw" "writeBlock" "Rd2txt" "tryCatchList" "tryCatch" ".Rd_get_text" ".Rd_get_title" "gsub" ".Rd_format_title" "<Anonymous>" "print.help_files_with_topic" "print" 
"writeSection" "<Anonymous>" "print.help_files_with_topic" "print" 
"parse" "eval" "doTryCatch" "tryCatchOne" "tryCatchList" "tryCatch" ".ess_funargs" 
"readRDS" "index.search" ".ess.helpFUN" ".ess.help" 
"match" "structure" ".encode_numeric_version" "Ops.numeric_version" ">" ".ess_funargs" 
"close" "readRDS" "index.search" ".ess.helpFUN" ".ess.help" 
"getNamespaceInfo" "getInternalExportName" "getExportedValue" "::" ".ess_funargs" 
"readRDS" "index.search" ".ess.helpFUN" ".ess.help" 
"readRDS" "index.search" "help" 
"structure" ".encode_numeric_version" "Ops.numeric_version" ">" ".ess_funargs" 
"readRDS" "index.search" ".ess.helpFUN" ".ess.help" 
"close" "readRDS" "index.search" "help" 
"readRDS" "index.search" "help" 
"readRDS" "index.search" ".ess.helpFUN" ".ess.help" 
"length" "paste0" "put" "writeQ" "writeBlock" "writeContent" "writeContent" "writeBlock" "writeContent" "writeSection" "<Anonymous>" "print.help_files_with_topic" "print" 
"readRDS" "index.search" "help" 
"unique" ".make_numeric_version" "numeric_version" "as.numeric_version" "Ops.numeric_version" ">" ".ess_funargs" 
"list.files" "find.package" "loadNamespace" "doTryCatch" "tryCatchOne" "tryCatchList" "tryCatch" "getNamespace" "asNamespace" "getExportedValue" "::" "eval" "eval" "doTryCatch" "tryCatchOne" "tryCatchList" "tryCatch" ".ess_funargs" 
"strsplit" "lapply" "strwrap" "flushBuffer" "blankLine" "Rd2txt" "tryCatchList" "tryCatch" ".Rd_get_text" ".Rd_get_title" "gsub" ".Rd_format_title" "<Anonymous>" "print.help_files_with_topic" "print" 
"readRDS" "index.search" "help" 
"readRDS" "index.search" ".ess.helpFUN" ".ess.help" 
"readRDS" "index.search" "help" 
"writeBlock" "writeContent" "writeSection" "<Anonymous>" "print.help_files_with_topic" "print" 
"readRDS" "index.search" "help" 
"ls" "apropos" "normalCompletions" "<Anonymous>" ".ess_get_completions" 
"as.vector" "as.character.default" "as.character" "as.character" "print.help_files_with_topic" "print" 
"attr" "tabExpand" "writeCode" "writeCodeBlock" "writeSection" "<Anonymous>" "print.help_files_with_topic" "print" 
"readRDS" "index.search" ".ess.helpFUN" ".ess.help" 
"readRDS" "index.search" "help" 
"grepl" "put" "writeQ" "writeBlock" "writeContent" "writeContent" "writeSection" "<Anonymous>" "print.help_files_with_topic" "print" 
"readRDS" "index.search" "help" 
"grepl" "blankLine" "writeSection" "<Anonymous>" "print.help_files_with_topic" "print" 
"file.show" "print.help_files_with_topic" "print" 
"readRDS" "index.search" ".ess.helpFUN" ".ess.help" 
"put" "writeQ" "writeBlock" "writeContent" "writeSection" "<Anonymous>" "print.help_files_with_topic" "print" 
"glue" "lazyLoadDBexec" "<Anonymous>" ".getHelpFile" "prepare_Rd" "<Anonymous>" "print.help_files_with_topic" "print" 
"unique" "simplify2array" "sapply" "RdTags" "writeContent" "writeBlock" "writeContent" "writeQ" "writeBlock" "writeContent" "writeSection" "<Anonymous>" "print.help_files_with_topic" "print" 
"parse" "eval" "doTryCatch" "tryCatchOne" "tryCatchList" "tryCatch" ".ess_funargs" 
"parse" "eval" "doTryCatch" "tryCatchOne" "tryCatchList" "tryCatch" ".ess_funargs" 
"eval" "eval" "doTryCatch" "tryCatchOne" "tryCatchList" "tryCatch" ".ess_funargs" 
"eval" "eval" "doTryCatch" "tryCatchOne" "tryCatchList" "tryCatch" ".ess_funargs" 
"system" "compileCode" "cxxfunction" 
"FUN" "lapply" "methods" "doTryCatch" "tryCatchOne" "tryCatchList" "doTryCatch" "tryCatchOne" "tryCatchList" "tryCatch" "<Anonymous>" "gsub" "doTryCatch" "tryCatchOne" "tryCatchList" "tryCatch" ".ess_funargs" 
"ls" "match" "%in%" "find" "getAnywhere" "argsAnywhere" "do.call" ".ess_funargs" 
"ls" "match" "%in%" "find" "getAnywhere" "<Anonymous>" "do.call" "FUN" "lapply" "unlist" "unique" "<Anonymous>" "gsub" "doTryCatch" "tryCatchOne" "tryCatchList" "tryCatch" ".ess_funargs" 
"<Anonymous>" "fibRcpp" 
"<Anonymous>" "fibRcpp" 
"<Anonymous>" "fibRcpp" 
"<Anonymous>" "fibRcpp" 
"<Anonymous>" "fibRcpp" 
"<Anonymous>" "fibRcpp" 
"<Anonymous>" "fibRcpp" 
"<Anonymous>" "fibRcpp" 
"<Anonymous>" "fibRcpp" 
"<Anonymous>" "fibRcpp" 
"<Anonymous>" "fibRcpp" 
"<Anonymous>" "fibRcpp" 
"<Anonymous>" "fibRcpp" 
"<Anonymous>" "fibRcpp" 
"<Anonymous>" "fibRcpp" 
"<Anonymous>" "fibRcpp" 
"<Anonymous>" "fibRcpp" 
"<Anonymous>" "fibRcpp" 
"<Anonymous>" "fibRcpp" 
"<Anonymous>" "fibRcpp" 
"<Anonymous>" "fibRcpp" 
"<Anonymous>" "fibRcpp" 
"<Anonymous>" "fibRcpp" 
"<Anonymous>" "fibRcpp" 
"<Anonymous>" "fibRcpp" 
"<Anonymous>" "fibRcpp" 
"<Anonymous>" "fibRcpp" 
"<Anonymous>" "fibRcpp" 
"<Anonymous>" "fibRcpp" 
"<Anonymous>" "fibRcpp" 
"<Anonymous>" "fibRcpp" 
"<Anonymous>" "fibRcpp" 
"<Anonymous>" "fibRcpp" 
"<Anonymous>" "fibRcpp" 
"<Anonymous>" "fibRcpp" 
"<Anonymous>" "fibRcpp" 
"<Anonymous>" "fibRcpp" 
"<Anonymous>" "fibRcpp" 
"<Anonymous>" "fibRcpp" 
"<Anonymous>" "fibRcpp" 
"<Anonymous>" "fibRcpp" 
"<Anonymous>" "fibRcpp" 
"<Anonymous>" "fibRcpp" 
"<Anonymous>" "fibRcpp" 
"<Anonymous>" "fibRcpp" 
"<Anonymous>" "fibRcpp" 
"<Anonymous>" "fibRcpp" 
"<Anonymous>" "fibRcpp" 
"<Anonymous>" "fibRcpp" 
"<Anonymous>" "fibRcpp" 
"<Anonymous>" "fibRcpp" 
"<Anonymous>" "fibRcpp" 
"<Anonymous>" "fibRcpp" 
"<Anonymous>" "fibRcpp" 
"<Anonymous>" "fibRcpp" 
"<Anonymous>" "fibRcpp" 
"<Anonymous>" "fibRcpp" 
"<Anonymous>" "fibRcpp" 
"<Anonymous>" "fibRcpp" 
"<Anonymous>" "fibRcpp" 
"<Anonymous>" "fibRcpp" 
"<Anonymous>" "fibRcpp" 
"<Anonymous>" "fibRcpp" 
"<Anonymous>" "fibRcpp" 
"<Anonymous>" "fibRcpp" 
"<Anonymous>" "fibRcpp" 
"<Anonymous>" "fibRcpp" 
"<Anonymous>" "fibRcpp" 
"<Anonymous>" "fibRcpp" 
"<Anonymous>" "fibRcpp" 
"<Anonymous>" "fibRcpp" 
"<Anonymous>" "fibRcpp" 
"<Anonymous>" "fibRcpp" 
"<Anonymous>" "fibRcpp" 
"<Anonymous>" "fibRcpp" 
"<Anonymous>" "fibRcpp" 
"<Anonymous>" "fibRcpp" 
"<Anonymous>" "fibRcpp" 
"<Anonymous>" "fibRcpp" 
"<Anonymous>" "fibRcpp" 
"<Anonymous>" "fibRcpp" 
"<Anonymous>" "fibRcpp" 
"<Anonymous>" "fibRcpp" 
"<Anonymous>" "fibRcpp" 
"<Anonymous>" "fibRcpp" 
"<Anonymous>" "fibRcpp" 
"<Anonymous>" "fibRcpp" 
"<Anonymous>" "fibRcpp" 
"<Anonymous>" "fibRcpp" 
"<Anonymous>" "fibRcpp" 
"<Anonymous>" "fibRcpp" 
"<Anonymous>" "fibRcpp" 
"<Anonymous>" "fibRcpp" 
"<Anonymous>" "fibRcpp" 
"<Anonymous>" "fibRcpp" 
"<Anonymous>" "fibRcpp" 
"<Anonymous>" "fibRcpp" 
"<Anonymous>" "fibRcpp" 
"<Anonymous>" "fibRcpp" 
"<Anonymous>" "fibRcpp" 
"<Anonymous>" "fibRcpp" 
"<Anonymous>" "fibRcpp" 
"<Anonymous>" "fibRcpp" 
"<Anonymous>" "fibRcpp" 
"<Anonymous>" "fibRcpp" 
"<Anonymous>" "fibRcpp" 
"<Anonymous>" "fibRcpp" 
"<Anonymous>" "fibRcpp" 
"<Anonymous>" "fibRcpp" 
"<Anonymous>" "fibRcpp" 
"<Anonymous>" "fibRcpp" 
"<Anonymous>" "fibRcpp" 
"<Anonymous>" "fibRcpp" 
"<Anonymous>" "fibRcpp" 
"<Anonymous>" "fibRcpp" 
"<Anonymous>" "fibRcpp" 
"<Anonymous>" "fibRcpp" 
"<Anonymous>" "fibRcpp" 
"<Anonymous>" "fibRcpp" 
"<Anonymous>" "fibRcpp" 
"<Anonymous>" "fibRcpp" 
"<Anonymous>" "fibRcpp" 
"<Anonymous>" "fibRcpp" 
"<Anonymous>" "fibRcpp" 
"<Anonymous>" "fibRcpp" 
"<Anonymous>" "fibRcpp" 
"<Anonymous>" "fibRcpp" 
"<Anonymous>" "fibRcpp" 
"<Anonymous>" "fibRcpp" 
"<Anonymous>" "fibRcpp" 
"<Anonymous>" "fibRcpp" 
"<Anonymous>" "fibRcpp" 
"<Anonymous>" "fibRcpp" 
"<Anonymous>" "fibRcpp" 
"<Anonymous>" "fibRcpp" 
"<Anonymous>" "fibRcpp" 
"<Anonymous>" "fibRcpp" 
"<Anonymous>" "fibRcpp" 
"<Anonymous>" "fibRcpp" 
"<Anonymous>" "fibRcpp" 
"<Anonymous>" "fibRcpp" 
"<Anonymous>" "fibRcpp" 
"<Anonymous>" "fibRcpp" 
"<Anonymous>" "fibRcpp" 
"<Anonymous>" "fibRcpp" 
"<Anonymous>" "fibRcpp" 
"<Anonymous>" "fibRcpp" 
"<Anonymous>" "fibRcpp" 
"<Anonymous>" "fibRcpp" 
"<Anonymous>" "fibRcpp" 
"<Anonymous>" "fibRcpp" 
"<Anonymous>" "fibRcpp" 
"<Anonymous>" "fibRcpp" 
"<Anonymous>" "fibRcpp" 
"<Anonymous>" "fibRcpp" 
"<Anonymous>" "fibRcpp" 
"<Anonymous>" "fibRcpp" 
"<Anonymous>" "fibRcpp" 
"<Anonymous>" "fibRcpp" 
"<Anonymous>" "fibRcpp" 
"<Anonymous>" "fibRcpp" 
"<Anonymous>" "fibRcpp" 
"<Anonymous>" "fibRcpp" 
"<Anonymous>" "fibRcpp" 
"<Anonymous>" "fibRcpp" 
"<Anonymous>" "fibRcpp" 
"<Anonymous>" "fibRcpp" 
"<Anonymous>" "fibRcpp" 
"<Anonymous>" "fibRcpp" 
"<Anonymous>" "fibRcpp" 
"<Anonymous>" "fibRcpp" 
"<Anonymous>" "fibRcpp" 
"<Anonymous>" "fibRcpp" 
"<Anonymous>" "fibRcpp" 
"<Anonymous>" "fibRcpp" 
"<Anonymous>" "fibRcpp" 
"<Anonymous>" "fibRcpp" 
"<Anonymous>" "fibRcpp" 
"<Anonymous>" "fibRcpp" 
"<Anonymous>" "fibRcpp" 
"<Anonymous>" "fibRcpp" 
"<Anonymous>" "fibRcpp" 
"<Anonymous>" "fibRcpp" 
"<Anonymous>" "fibRcpp" 
"<Anonymous>" "fibRcpp" 
"<Anonymous>" "fibRcpp" 
"<Anonymous>" "fibRcpp" 
"<Anonymous>" "fibRcpp" 
"<Anonymous>" "fibRcpp" 
"<Anonymous>" "fibRcpp" 
"<Anonymous>" "fibRcpp" 
"<Anonymous>" "fibRcpp" 
"<Anonymous>" "fibRcpp" 
"<Anonymous>" "fibRcpp" 
"<Anonymous>" "fibRcpp" 
"<Anonymous>" "fibRcpp" 
"<Anonymous>" "fibRcpp" 
"<Anonymous>" "fibRcpp" 
"<Anonymous>" "fibRcpp" 
"<Anonymous>" "fibRcpp" 
"<Anonymous>" "fibRcpp" 
"<Anonymous>" "fibRcpp" 
"<Anonymous>" "fibRcpp" 
"<Anonymous>" "fibRcpp" 
"<Anonymous>" "fibRcpp" 
"<Anonymous>" "fibRcpp" 
"<Anonymous>" "fibRcpp" 
"<Anonymous>" "fibRcpp" 
"<Anonymous>" "fibRcpp" 
"<Anonymous>" "fibRcpp" 
"<Anonymous>" "fibRcpp" 
"<Anonymous>" "fibRcpp" 
"<Anonymous>" "fibRcpp" 
"<Anonymous>" "fibRcpp" 
"<Anonymous>" "fibRcpp" 
"<Anonymous>" "fibRcpp" 
"<Anonymous>" "fibRcpp" 
"<Anonymous>" "fibRcpp" 
"<Anonymous>" "fibRcpp" 
"<Anonymous>" "fibRcpp" 
"<Anonymous>" "fibRcpp" 
"<Anonymous>" "fibRcpp" 
"<Anonymous>" "fibRcpp" 
"<Anonymous>" "fibRcpp" 
"<Anonymous>" "fibRcpp" 
"<Anonymous>" "fibRcpp" 
"<Anonymous>" "fibRcpp" 
"<Anonymous>" "fibRcpp" 
"<Anonymous>" "fibRcpp" 
"<Anonymous>" "fibRcpp" 
"<Anonymous>" "fibRcpp" 
"<Anonymous>" "fibRcpp" 
"<Anonymous>" "fibRcpp" 
"<Anonymous>" "fibRcpp" 
"<Anonymous>" "fibRcpp" 
"<Anonymous>" "fibRcpp" 
"<Anonymous>" "fibRcpp" 
"<Anonymous>" "fibRcpp" 
"<Anonymous>" "fibRcpp" 
"<Anonymous>" "fibRcpp" 
"<Anonymous>" "fibRcpp" 
"<Anonymous>" "fibRcpp" 
"<Anonymous>" "fibRcpp" 
"<Anonymous>" "fibRcpp" 
"<Anonymous>" "fibRcpp" 
"<Anonymous>" "fibRcpp" 
"<Anonymous>" "fibRcpp" 
"<Anonymous>" "fibRcpp" 
"<Anonymous>" "fibRcpp" 
"<Anonymous>" "fibRcpp" 
"<Anonymous>" "fibRcpp" 
"<Anonymous>" "fibRcpp" 
"<Anonymous>" "fibRcpp" 
"<Anonymous>" "fibRcpp" 
"<Anonymous>" "fibRcpp" 
"<Anonymous>" "fibRcpp" 
"<Anonymous>" "fibRcpp" 
"<Anonymous>" "fibRcpp" 
"<Anonymous>" "fibRcpp" 
"<Anonymous>" "fibRcpp" 
"<Anonymous>" "fibRcpp" 
"<Anonymous>" "fibRcpp" 
"<Anonymous>" "fibRcpp" 
"<Anonymous>" "fibRcpp" 
"<Anonymous>" "fibRcpp" 
"<Anonymous>" "fibRcpp" 
"<Anonymous>" "fibRcpp" 
"<Anonymous>" "fibRcpp" 
"<Anonymous>" "fibRcpp" 
"<Anonymous>" "fibRcpp" 
"<Anonymous>" "fibRcpp" 
"<Anonymous>" "fibRcpp" 
"<Anonymous>" "fibRcpp" 
"<Anonymous>" "fibRcpp" 
"<Anonymous>" "fibRcpp" 
"<Anonymous>" "fibRcpp" 
"<Anonymous>" "fibRcpp" 
"<Anonymous>" "fibRcpp" 
"<Anonymous>" "fibRcpp" 
"<Anonymous>" "fibRcpp" 
"<Anonymous>" "fibRcpp" 
"<Anonymous>" "fibRcpp" 
"<Anonymous>" "fibRcpp" 
"<Anonymous>" "fibRcpp" 
"<Anonymous>" "fibRcpp" 
"<Anonymous>" "fibRcpp" 
"<Anonymous>" "fibRcpp" 
"<Anonymous>" "fibRcpp" 
"<Anonymous>" "fibRcpp" 
"<Anonymous>" "fibRcpp" 
"<Anonymous>" "fibRcpp" 
"<Anonymous>" "fibRcpp" 
"<Anonymous>" "fibRcpp" 
"<Anonymous>" "fibRcpp" 
"<Anonymous>" "fibRcpp" 
"<Anonymous>" "fibRcpp" 
"<Anonymous>" "fibRcpp" 
"<Anonymous>" "fibRcpp" 
"<Anonymous>" "fibRcpp" 
"<Anonymous>" "fibRcpp" 
"<Anonymous>" "fibRcpp" 
"<Anonymous>" "fibRcpp" 
"<Anonymous>" "fibRcpp" 
"<Anonymous>" "fibRcpp" 
"<Anonymous>" "fibRcpp" 
"<Anonymous>" "fibRcpp" 
"<Anonymous>" "fibRcpp" 
"<Anonymous>" "fibRcpp" 
"<Anonymous>" "fibRcpp" 
"<Anonymous>" "fibRcpp" 
"<Anonymous>" "fibRcpp" 
"<Anonymous>" "fibRcpp" 
"<Anonymous>" "fibRcpp" 
"<Anonymous>" "fibRcpp" 
"<Anonymous>" "fibRcpp" 
"<Anonymous>" "fibRcpp" 
"<Anonymous>" "fibRcpp" 
"<Anonymous>" "fibRcpp" 
"<Anonymous>" "fibRcpp" 
"<Anonymous>" "fibRcpp" 
"<Anonymous>" "fibRcpp" 
"<Anonymous>" "fibRcpp" 
"<Anonymous>" "fibRcpp" 
"<Anonymous>" "fibRcpp" 
"<Anonymous>" "fibRcpp" 
"<Anonymous>" "fibRcpp" 
"<Anonymous>" "fibRcpp" 
"<Anonymous>" "fibRcpp" 
"<Anonymous>" "fibRcpp" 
"<Anonymous>" "fibRcpp" 
"<Anonymous>" "fibRcpp" 
"<Anonymous>" "fibRcpp" 
"<Anonymous>" "fibRcpp" 
"<Anonymous>" "fibRcpp" 
"<Anonymous>" "fibRcpp" 
"<Anonymous>" "fibRcpp" 
"<Anonymous>" "fibRcpp" 
"<Anonymous>" "fibRcpp" 
"<Anonymous>" "fibRcpp" 
"<Anonymous>" "fibRcpp" 
"<Anonymous>" "fibRcpp" 
"<Anonymous>" "fibRcpp" 
"<Anonymous>" "fibRcpp" 
"<Anonymous>" "fibRcpp" 
"<Anonymous>" "fibRcpp" 
"<Anonymous>" "fibRcpp" 
"<Anonymous>" "fibRcpp" 
"<Anonymous>" "fibRcpp" 
"<Anonymous>" "fibRcpp" 
"<Anonymous>" "fibRcpp" 
"<Anonymous>" "fibRcpp" 
"<Anonymous>" "fibRcpp" 
"<Anonymous>" "fibRcpp" 
"<Anonymous>" "fibRcpp" 
"<Anonymous>" "fibRcpp" 
"<Anonymous>" "fibRcpp" 
"<Anonymous>" "fibRcpp" 
"<Anonymous>" "fibRcpp" 
"<Anonymous>" "fibRcpp" 
"<Anonymous>" "fibRcpp" 
"<Anonymous>" "fibRcpp" 
"<Anonymous>" "fibRcpp" 
"<Anonymous>" "fibRcpp" 
"<Anonymous>" "fibRcpp" 
"<Anonymous>" "fibRcpp" 
"<Anonymous>" "fibRcpp" 
"<Anonymous>" "fibRcpp" 
"<Anonymous>" "fibRcpp" 
"<Anonymous>" "fibRcpp" 
"<Anonymous>" "fibRcpp" 
"<Anonymous>" "fibRcpp" 
"<Anonymous>" "fibRcpp" 
"<Anonymous>" "fibRcpp" 
"<Anonymous>" "fibRcpp" 
"<Anonymous>" "fibRcpp" 
"<Anonymous>" "fibRcpp" 
"<Anonymous>" "fibRcpp" 
"<Anonymous>" "fibRcpp" 
"<Anonymous>" "fibRcpp" 
"<Anonymous>" "fibRcpp" 
"<Anonymous>" "fibRcpp" 
"<Anonymous>" "fibRcpp" 
"<Anonymous>" "fibRcpp" 
"<Anonymous>" "fibRcpp" 
"<Anonymous>" "fibRcpp" 
"<Anonymous>" "fibRcpp" 
"<Anonymous>" "fibRcpp" 
"<Anonymous>" "fibRcpp" 
"<Anonymous>" "fibRcpp" 
"<Anonymous>" "fibRcpp" 
"<Anonymous>" "fibRcpp" 
"<Anonymous>" "fibRcpp" 
"<Anonymous>" "fibRcpp" 
"<Anonymous>" "fibRcpp" 
"<Anonymous>" "fibRcpp" 
"<Anonymous>" "fibRcpp" 
"<Anonymous>" "fibRcpp" 
"<Anonymous>" "fibRcpp" 
"<Anonymous>" "fibRcpp" 
"<Anonymous>" "fibRcpp" 
"<Anonymous>" "fibRcpp" 
"<Anonymous>" "fibRcpp" 
"<Anonymous>" "fibRcpp" 
"<Anonymous>" "fibRcpp" 
"<Anonymous>" "fibRcpp" 
"<Anonymous>" "fibRcpp" 
"<Anonymous>" "fibRcpp" 
"<Anonymous>" "fibRcpp" 
"<Anonymous>" "fibRcpp" 
"<Anonymous>" "fibRcpp" 
"<Anonymous>" "fibRcpp" 
"<Anonymous>" "fibRcpp" 
"<Anonymous>" "fibRcpp" 
"<Anonymous>" "fibRcpp" 
"<Anonymous>" "fibRcpp" 
"<Anonymous>" "fibRcpp" 
"<Anonymous>" "fibRcpp" 
"<Anonymous>" "fibRcpp" 
"<Anonymous>" "fibRcpp" 
"<Anonymous>" "fibRcpp" 
"<Anonymous>" "fibRcpp" 
"<Anonymous>" "fibRcpp" 
"<Anonymous>" "fibRcpp" 
"<Anonymous>" "fibRcpp" 
"<Anonymous>" "fibRcpp" 
"<Anonymous>" "fibRcpp" 
"<Anonymous>" "fibRcpp" 
"<Anonymous>" "fibRcpp" 
"<Anonymous>" "fibRcpp" 
"<Anonymous>" "fibRcpp" 
"<Anonymous>" "fibRcpp" 
"<Anonymous>" "fibRcpp" 
"<Anonymous>" "fibRcpp" 
"<Anonymous>" "fibRcpp" 
"<Anonymous>" "fibRcpp" 
"<Anonymous>" "fibRcpp" 
"<Anonymous>" "fibRcpp" 
"<Anonymous>" "fibRcpp" 
"<Anonymous>" "fibRcpp" 
"<Anonymous>" "fibRcpp" 
"<Anonymous>" "fibRcpp" 
"<Anonymous>" "fibRcpp" 
"<Anonymous>" "fibRcpp" 
"<Anonymous>" "fibRcpp" 
"<Anonymous>" "fibRcpp" 
"<Anonymous>" "fibRcpp" 
"<Anonymous>" "fibRcpp" 
"<Anonymous>" "fibRcpp" 
"<Anonymous>" "fibRcpp" 
"<Anonymous>" "fibRcpp" 
"<Anonymous>" "fibRcpp" 
"<Anonymous>" "fibRcpp" 
"<Anonymous>" "fibRcpp" 
"<Anonymous>" "fibRcpp" 
"<Anonymous>" "fibRcpp" 
"<Anonymous>" "fibRcpp" 
"<Anonymous>" "fibRcpp" 
"<Anonymous>" "fibRcpp" 
"<Anonymous>" "fibRcpp" 
"<Anonymous>" "fibRcpp" 
"<Anonymous>" "fibRcpp" 
"<Anonymous>" "fibRcpp" 
"<Anonymous>" "fibRcpp" 
"<Anonymous>" "fibRcpp" 
"<Anonymous>" "fibRcpp" 
"<Anonymous>" "fibRcpp" 
"<Anonymous>" "fibRcpp" 
"<Anonymous>" "fibRcpp" 
"<Anonymous>" "fibRcpp" 
"<Anonymous>" "fibRcpp" 
"<Anonymous>" "fibRcpp" 
"<Anonymous>" "fibRcpp" 
"<Anonymous>" "fibRcpp" 
"<Anonymous>" "fibRcpp" 
"<Anonymous>" "fibRcpp" 
"<Anonymous>" "fibRcpp" 
"<Anonymous>" "fibRcpp" 
"<Anonymous>" "fibRcpp" 
"<Anonymous>" "fibRcpp" 
"<Anonymous>" "fibRcpp" 
"<Anonymous>" "fibRcpp" 
"<Anonymous>" "fibRcpp" 
"<Anonymous>" "fibRcpp" 
"<Anonymous>" "fibRcpp" 
"<Anonymous>" "fibRcpp" 
"<Anonymous>" "fibRcpp" 
"<Anonymous>" "fibRcpp" 
"<Anonymous>" "fibRcpp" 
"<Anonymous>" "fibRcpp" 
"<Anonymous>" "fibRcpp" 
"<Anonymous>" "fibRcpp" 
"<Anonymous>" "fibRcpp" 
"<Anonymous>" "fibRcpp" 
"<Anonymous>" "fibRcpp" 
"<Anonymous>" "fibRcpp" 
"<Anonymous>" "fibRcpp" 
"<Anonymous>" "fibRcpp" 
"<Anonymous>" "fibRcpp" 
"<Anonymous>" "fibRcpp" 
"<Anonymous>" "fibRcpp" 
"<Anonymous>" "fibRcpp" 
"<Anonymous>" "fibRcpp" 
"<Anonymous>" "fibRcpp" 
"<Anonymous>" "fibRcpp" 
"<Anonymous>" "fibRcpp" 
"<Anonymous>" "fibRcpp" 
"<Anonymous>" "fibRcpp" 
"<Anonymous>" "fibRcpp" 
"<Anonymous>" "fibRcpp" 
"<Anonymous>" "fibRcpp" 
"<Anonymous>" "fibRcpp" 
"<Anonymous>" "fibRcpp" 
"<Anonymous>" "fibRcpp" 
"<Anonymous>" "fibRcpp" 
"<Anonymous>" "fibRcpp" 
"<Anonymous>" "fibRcpp" 
"<Anonymous>" "fibRcpp" 
"<Anonymous>" "fibRcpp" 
"<Anonymous>" "fibRcpp" 
"<Anonymous>" "fibRcpp" 
"<Anonymous>" "fibRcpp" 
"<Anonymous>" "fibRcpp" 
"<Anonymous>" "fibRcpp" 
"<Anonymous>" "fibRcpp" 
"<Anonymous>" "fibRcpp" 
"<Anonymous>" "fibRcpp" 
"<Anonymous>" "fibRcpp" 
"<Anonymous>" "fibRcpp" 
"<Anonymous>" "fibRcpp" 
"<Anonymous>" "fibRcpp" 
"<Anonymous>" "fibRcpp" 
"<Anonymous>" "fibRcpp" 
"<Anonymous>" "fibRcpp" 
"<Anonymous>" "fibRcpp" 
"<Anonymous>" "fibRcpp" 
"<Anonymous>" "fibRcpp" 
"<Anonymous>" "fibRcpp" 
"<Anonymous>" "fibRcpp" 
"<Anonymous>" "fibRcpp" 
"<Anonymous>" "fibRcpp" 
"<Anonymous>" "fibRcpp" 
"<Anonymous>" "fibRcpp" 
"<Anonymous>" "fibRcpp" 
"<Anonymous>" "fibRcpp" 
"<Anonymous>" "fibRcpp" 
"<Anonymous>" "fibRcpp" 
"<Anonymous>" "fibRcpp" 
"<Anonymous>" "fibRcpp" 
"<Anonymous>" "fibRcpp" 
"<Anonymous>" "fibRcpp" 
"<Anonymous>" "fibRcpp" 
"<Anonymous>" "fibRcpp" 
"<Anonymous>" "fibRcpp" 
"<Anonymous>" "fibRcpp" 
"<Anonymous>" "fibRcpp" 
"<Anonymous>" "fibRcpp" 
"<Anonymous>" "fibRcpp" 
"<Anonymous>" "fibRcpp" 
"<Anonymous>" "fibRcpp" 
"<Anonymous>" "fibRcpp" 
"<Anonymous>" "fibRcpp" 
"<Anonymous>" "fibRcpp" 
"<Anonymous>" "fibRcpp" 
"<Anonymous>" "fibRcpp" 
"<Anonymous>" "fibRcpp" 
"<Anonymous>" "fibRcpp" 
"<Anonymous>" "fibRcpp" 
"<Anonymous>" "fibRcpp" 
"<Anonymous>" "fibRcpp" 
"<Anonymous>" "fibRcpp" 
"<Anonymous>" "fibRcpp" 
"<Anonymous>" "fibRcpp" 
"<Anonymous>" "fibRcpp" 
"<Anonymous>" "fibRcpp" 
"<Anonymous>" "fibRcpp" 
"<Anonymous>" "fibRcpp" 
"<Anonymous>" "fibRcpp" 
"<Anonymous>" "fibRcpp" 
"<Anonymous>" "fibRcpp" 
"<Anonymous>" "fibRcpp" 
"<Anonymous>" "fibRcpp" 
"<Anonymous>" "fibRcpp" 
"<Anonymous>" "fibRcpp" 
"<Anonymous>" "fibRcpp" 
"<Anonymous>" "fibRcpp" 
"<Anonymous>" "fibRcpp" 
"<Anonymous>" "fibRcpp" 
"<Anonymous>" "fibRcpp" 
"<Anonymous>" "fibRcpp" 
"<Anonymous>" "fibRcpp" 
"<Anonymous>" "fibRcpp" 
"<Anonymous>" "fibRcpp" 
"<Anonymous>" "fibRcpp" 
"<Anonymous>" "fibRcpp" 
"<Anonymous>" "fibRcpp" 
"<Anonymous>" "fibRcpp" 
"<Anonymous>" "fibRcpp" 
"<Anonymous>" "fibRcpp" 
"<Anonymous>" "fibRcpp" 
"<Anonymous>" "fibRcpp" 
"<Anonymous>" "fibRcpp" 
"<Anonymous>" "fibRcpp" 
"<Anonymous>" "fibRcpp" 
"<Anonymous>" "fibRcpp" 
"<Anonymous>" "fibRcpp" 
"<Anonymous>" "fibRcpp" 
"<Anonymous>" "fibRcpp" 
"<Anonymous>" "fibRcpp" 
"<Anonymous>" "fibRcpp" 
"<Anonymous>" "fibRcpp" 
"<Anonymous>" "fibRcpp" 
"<Anonymous>" "fibRcpp" 
"<Anonymous>" "fibRcpp" 
"<Anonymous>" "fibRcpp" 
"<Anonymous>" "fibRcpp" 
"<Anonymous>" "fibRcpp" 
"<Anonymous>" "fibRcpp" 
"<Anonymous>" "fibRcpp" 
"<Anonymous>" "fibRcpp" 
"<Anonymous>" "fibRcpp" 
"<Anonymous>" "fibRcpp" 
"<Anonymous>" "fibRcpp" 
"<Anonymous>" "fibRcpp" 
"<Anonymous>" "fibRcpp" 
"<Anonymous>" "fibRcpp" 
"<Anonymous>" "fibRcpp" 
"<Anonymous>" "fibRcpp" 
"<Anonymous>" "fibRcpp" 
"<Anonymous>" "fibRcpp" 
"<Anonymous>" "fibRcpp" 
"<Anonymous>" "fibRcpp" 
"<Anonymous>" "fibRcpp" 
"<Anonymous>" "fibRcpp" 
"<Anonymous>" "fibRcpp" 
"<Anonymous>" "fibRcpp" 
"<Anonymous>" "fibRcpp" 
"<Anonymous>" "fibRcpp" 
"<Anonymous>" "fibRcpp" 
"<Anonymous>" "fibRcpp" 
"<Anonymous>" "fibRcpp" 
"<Anonymous>" "fibRcpp" 
"<Anonymous>" "fibRcpp" 
"<Anonymous>" "fibRcpp" 
"<Anonymous>" "fibRcpp" 
"<Anonymous>" "fibRcpp" 
"<Anonymous>" "fibRcpp" 
"<Anonymous>" "fibRcpp" 
"<Anonymous>" "fibRcpp" 
"<Anonymous>" "fibRcpp" 
"<Anonymous>" "fibRcpp" 
"<Anonymous>" "fibRcpp" 
"<Anonymous>" "fibRcpp" 
"<Anonymous>" "fibRcpp" 
"<Anonymous>" "fibRcpp" 
"<Anonymous>" "fibRcpp" 
"<Anonymous>" "fibRcpp" 
"<Anonymous>" "fibRcpp" 
"<Anonymous>" "fibRcpp" 
"<Anonymous>" "fibRcpp" 
"<Anonymous>" "fibRcpp" 
"<Anonymous>" "fibRcpp" 
"<Anonymous>" "fibRcpp" 
"<Anonymous>" "fibRcpp" 
"<Anonymous>" "fibRcpp" 
"<Anonymous>" "fibRcpp" 
"<Anonymous>" "fibRcpp" 
"<Anonymous>" "fibRcpp" 
"<Anonymous>" "fibRcpp" 
"<Anonymous>" "fibRcpp" 
"<Anonymous>" "fibRcpp" 
"<Anonymous>" "fibRcpp" 
"<Anonymous>" "fibRcpp" 
"<Anonymous>" "fibRcpp" 
"<Anonymous>" "fibRcpp" 
"<Anonymous>" "fibRcpp" 
"<Anonymous>" "fibRcpp" 
"<Anonymous>" "fibRcpp" 
"<Anonymous>" "fibRcpp" 
"<Anonymous>" "fibRcpp" 
"<Anonymous>" "fibRcpp" 
"<Anonymous>" "fibRcpp" 
"<Anonymous>" "fibRcpp" 
"<Anonymous>" "fibRcpp" 
"<Anonymous>" "fibRcpp" 
"<Anonymous>" "fibRcpp" 
"<Anonymous>" "fibRcpp" 
"<Anonymous>" "fibRcpp" 
"<Anonymous>" "fibRcpp" 
"<Anonymous>" "fibRcpp" 
"<Anonymous>" "fibRcpp" 
"<Anonymous>" "fibRcpp" 
"<Anonymous>" "fibRcpp" 
"<Anonymous>" "fibRcpp" 
"<Anonymous>" "fibRcpp" 
"<Anonymous>" "fibRcpp" 
"<Anonymous>" "fibRcpp" 
"<Anonymous>" "fibRcpp" 
"<Anonymous>" "fibRcpp" 
"<Anonymous>" "fibRcpp" 
"<Anonymous>" "fibRcpp" 
"<Anonymous>" "fibRcpp" 
"<Anonymous>" "fibRcpp" 
"<Anonymous>" "fibRcpp" 
"<Anonymous>" "fibRcpp" 
"<Anonymous>" "fibRcpp" 
"<Anonymous>" "fibRcpp" 
"<Anonymous>" "fibRcpp" 
"<Anonymous>" "fibRcpp" 
"<Anonymous>" "fibRcpp" 
"<Anonymous>" "fibRcpp" 
"<Anonymous>" "fibRcpp" 
"<Anonymous>" "fibRcpp" 
"<Anonymous>" "fibRcpp" 
"<Anonymous>" "fibRcpp" 
"<Anonymous>" "fibRcpp" 
"<Anonymous>" "fibRcpp" 
"<Anonymous>" "fibRcpp" 
"<Anonymous>" "fibRcpp" 
"<Anonymous>" "fibRcpp" 
"<Anonymous>" "fibRcpp" 
"<Anonymous>" "fibRcpp" 
"<Anonymous>" "fibRcpp" 
"<Anonymous>" "fibRcpp" 
"<Anonymous>" "fibRcpp" 
"<Anonymous>" "fibRcpp" 
"<Anonymous>" "fibRcpp" 
"<Anonymous>" "fibRcpp" 
"<Anonymous>" "fibRcpp" 
"<Anonymous>" "fibRcpp" 
"<Anonymous>" "fibRcpp" 
"<Anonymous>" "fibRcpp" 
"<Anonymous>" "fibRcpp" 
"<Anonymous>" "fibRcpp" 
"<Anonymous>" "fibRcpp" 
"<Anonymous>" "fibRcpp" 
"<Anonymous>" "fibRcpp" 
"<Anonymous>" "fibRcpp" 
"<Anonymous>" "fibRcpp" 
"<Anonymous>" "fibRcpp" 
"<Anonymous>" "fibRcpp" 
"<Anonymous>" "fibRcpp" 
"<Anonymous>" "fibRcpp" 
"<Anonymous>" "fibRcpp" 
"<Anonymous>" "fibRcpp" 
"<Anonymous>" "fibRcpp" 
"<Anonymous>" "fibRcpp" 
"<Anonymous>" "fibRcpp" 
"<Anonymous>" "fibRcpp" 
"<Anonymous>" "fibRcpp" 
"<Anonymous>" "fibRcpp" 
"<Anonymous>" "fibRcpp" 
"<Anonymous>" "fibRcpp" 
"<Anonymous>" "fibRcpp" 
"<Anonymous>" "fibRcpp" 
"<Anonymous>" "fibRcpp" 
"<Anonymous>" "fibRcpp" 
"<Anonymous>" "fibRcpp" 
"<Anonymous>" "fibRcpp" 
"<Anonymous>" "fibRcpp" 
"<Anonymous>" "fibRcpp" 
"<Anonymous>" "fibRcpp" 
"<Anonymous>" "fibRcpp" 
"<Anonymous>" "fibRcpp" 
"<Anonymous>" "fibRcpp" 
"<Anonymous>" "fibRcpp" 
"<Anonymous>" "fibRcpp" 
"<Anonymous>" "fibRcpp" 
"<Anonymous>" "fibRcpp" 
"<Anonymous>" "fibRcpp" 
"<Anonymous>" "fibRcpp" 
"<Anonymous>" "fibRcpp" 
"<Anonymous>" "fibRcpp" 
"<Anonymous>" "fibRcpp" 
"<Anonymous>" "fibRcpp" 
"<Anonymous>" "fibRcpp" 
"<Anonymous>" "fibRcpp" 
"<Anonymous>" "fibRcpp" 
"<Anonymous>" "fibRcpp" 
"<Anonymous>" "fibRcpp" 
"<Anonymous>" "fibRcpp" 
"<Anonymous>" "fibRcpp" 
"<Anonymous>" "fibRcpp" 
"<Anonymous>" "fibRcpp" 
"<Anonymous>" "fibRcpp" 
"<Anonymous>" "fibRcpp" 
"<Anonymous>" "fibRcpp" 
"<Anonymous>" "fibRcpp" 
"<Anonymous>" "fibRcpp" 
"<Anonymous>" "fibRcpp" 
"<Anonymous>" "fibRcpp" 
"<Anonymous>" "fibRcpp" 
"<Anonymous>" "fibRcpp" 
"<Anonymous>" "fibRcpp" 
"<Anonymous>" "fibRcpp" 
"<Anonymous>" "fibRcpp" 
"<Anonymous>" "fibRcpp" 
"<Anonymous>" "fibRcpp" 
"<Anonymous>" "fibRcpp" 
"<Anonymous>" "fibRcpp" 
"<Anonymous>" "fibRcpp" 
"<Anonymous>" "fibRcpp" 
"<Anonymous>" "fibRcpp" 
"<Anonymous>" "fibRcpp" 
"<Anonymous>" "fibRcpp" 
"<Anonymous>" "fibRcpp" 
"<Anonymous>" "fibRcpp" 
"<Anonymous>" "fibRcpp" 
"<Anonymous>" "fibRcpp" 
"<Anonymous>" "fibRcpp" 
"<Anonymous>" "fibRcpp" 
"<Anonymous>" "fibRcpp" 
"<Anonymous>" "fibRcpp" 
"<Anonymous>" "fibRcpp" 
"<Anonymous>" "fibRcpp" 
"<Anonymous>" "fibRcpp" 
"<Anonymous>" "fibRcpp" 
"<Anonymous>" "fibRcpp" 
"<Anonymous>" "fibRcpp" 
"<Anonymous>" "fibRcpp" 
"<Anonymous>" "fibRcpp" 
"<Anonymous>" "fibRcpp" 
"<Anonymous>" "fibRcpp" 
"<Anonymous>" "fibRcpp" 
"<Anonymous>" "fibRcpp" 
"<Anonymous>" "fibRcpp" 
"<Anonymous>" "fibRcpp" 
"<Anonymous>" "fibRcpp" 
"<Anonymous>" "fibRcpp" 
"<Anonymous>" "fibRcpp" 
"<Anonymous>" "fibRcpp" 
"<Anonymous>" "fibRcpp" 
"<Anonymous>" "fibRcpp" 
"<Anonymous>" "fibRcpp" 
"<Anonymous>" "fibRcpp" 
"<Anonymous>" "fibRcpp" 
"<Anonymous>" "fibRcpp" 
"<Anonymous>" "fibRcpp" 
"<Anonymous>" "fibRcpp" 
"<Anonymous>" "fibRcpp" 
"<Anonymous>" "fibRcpp" 
"<Anonymous>" "fibRcpp" 
"<Anonymous>" "fibRcpp" 
"<Anonymous>" "fibRcpp" 
"<Anonymous>" "fibRcpp" 
"<Anonymous>" "fibRcpp" 
"<Anonymous>" "fibRcpp" 
"<Anonymous>" "fibRcpp" 
"<Anonymous>" "fibRcpp" 
"<Anonymous>" "fibRcpp" 
"<Anonymous>" "fibRcpp" 
"<Anonymous>" "fibRcpp" 
"<Anonymous>" "fibRcpp" 
"<Anonymous>" "fibRcpp" 
"<Anonymous>" "fibRcpp" 
"<Anonymous>" "fibRcpp" 
"<Anonymous>" "fibRcpp" 
"<Anonymous>" "fibRcpp" 
"<Anonymous>" "fibRcpp" 
"<Anonymous>" "fibRcpp" 
"<Anonymous>" "fibRcpp" 
"<Anonymous>" "fibRcpp" 
"<Anonymous>" "fibRcpp" 
"<Anonymous>" "fibRcpp" 
"<Anonymous>" "fibRcpp" 
"<Anonymous>" "fibRcpp" 
"<Anonymous>" "fibRcpp" 
"<Anonymous>" "fibRcpp" 
"<Anonymous>" "fibRcpp" 
"<Anonymous>" "fibRcpp" 
"<Anonymous>" "fibRcpp" 
"<Anonymous>" "fibRcpp" 
"<Anonymous>" "fibRcpp" 
"<Anonymous>" "fibRcpp" 
"<Anonymous>" "fibRcpp" 
"<Anonymous>" "fibRcpp" 
"<Anonymous>" "fibRcpp" 
"<Anonymous>" "fibRcpp" 
"<Anonymous>" "fibRcpp" 
"<Anonymous>" "fibRcpp" 
"<Anonymous>" "fibRcpp" 
"<Anonymous>" "fibRcpp" 
"<Anonymous>" "fibRcpp" 
"<Anonymous>" "fibRcpp" 
"<Anonymous>" "fibRcpp" 
"<Anonymous>" "fibRcpp" 
"<Anonymous>" "fibRcpp" 
"<Anonymous>" "fibRcpp" 
"<Anonymous>" "fibRcpp" 
"<Anonymous>" "fibRcpp" 
"<Anonymous>" "fibRcpp" 
"<Anonymous>" "fibRcpp" 
"<Anonymous>" "fibRcpp" 
"<Anonymous>" "fibRcpp" 
"<Anonymous>" "fibRcpp" 
"<Anonymous>" "fibRcpp" 
"<Anonymous>" "fibRcpp" 
"<Anonymous>" "fibRcpp" 
"<Anonymous>" "fibRcpp" 
"<Anonymous>" "fibRcpp" 
"<Anonymous>" "fibRcpp" 
"<Anonymous>" "fibRcpp" 
"<Anonymous>" "fibRcpp" 
"<Anonymous>" "fibRcpp" 
"<Anonymous>" "fibRcpp" 
"<Anonymous>" "fibRcpp" 
"<Anonymous>" "fibRcpp" 
"<Anonymous>" "fibRcpp" 
"<Anonymous>" "fibRcpp" 
"<Anonymous>" "fibRcpp" 
"<Anonymous>" "fibRcpp" 
"<Anonymous>" "fibRcpp" 
"<Anonymous>" "fibRcpp" 
"<Anonymous>" "fibRcpp" 
"<Anonymous>" "fibRcpp" 
"<Anonymous>" "fibRcpp" 
"<Anonymous>" "fibRcpp" 
"<Anonymous>" "fibRcpp" 
"<Anonymous>" "fibRcpp" 
"<Anonymous>" "fibRcpp" 
"<Anonymous>" "fibRcpp" 
"<Anonymous>" "fibRcpp" 
"<Anonymous>" "fibRcpp" 
"<Anonymous>" "fibRcpp" 
"<Anonymous>" "fibRcpp" 
"<Anonymous>" "fibRcpp" 
"<Anonymous>" "fibRcpp" 
"<Anonymous>" "fibRcpp" 
"<Anonymous>" "fibRcpp" 
"<Anonymous>" "fibRcpp" 
"<Anonymous>" "fibRcpp" 
"<Anonymous>" "fibRcpp" 
"<Anonymous>" "fibRcpp" 
"<Anonymous>" "fibRcpp" 
"<Anonymous>" "fibRcpp" 
"<Anonymous>" "fibRcpp" 
"<Anonymous>" "fibRcpp" 
"<Anonymous>" "fibRcpp" 
"<Anonymous>" "fibRcpp" 
"<Anonymous>" "fibRcpp" 
"<Anonymous>" "fibRcpp" 
"<Anonymous>" "fibRcpp" 
"<Anonymous>" "fibRcpp" 
"<Anonymous>" "fibRcpp" 
"<Anonymous>" "fibRcpp" 
"<Anonymous>" "fibRcpp" 
"<Anonymous>" "fibRcpp" 
"<Anonymous>" "fibRcpp" 
"<Anonymous>" "fibRcpp" 
"<Anonymous>" "fibRcpp" 
"<Anonymous>" "fibRcpp" 
"<Anonymous>" "fibRcpp" 
"<Anonymous>" "fibRcpp" 
"<Anonymous>" "fibRcpp" 
"<Anonymous>" "fibRcpp" 
"<Anonymous>" "fibRcpp" 
"<Anonymous>" "fibRcpp" 
"<Anonymous>" "fibRcpp" 
"<Anonymous>" "fibRcpp" 
"<Anonymous>" "fibRcpp" 
"<Anonymous>" "fibRcpp" 
"<Anonymous>" "fibRcpp" 
"<Anonymous>" "fibRcpp" 
"<Anonymous>" "fibRcpp" 
"<Anonymous>" "fibRcpp" 
"<Anonymous>" "fibRcpp" 
"<Anonymous>" "fibRcpp" 
"<Anonymous>" "fibRcpp" 
"<Anonymous>" "fibRcpp" 
"<Anonymous>" "fibRcpp" 
"<Anonymous>" "fibRcpp" 
"<Anonymous>" "fibRcpp" 
"<Anonymous>" "fibRcpp" 
"<Anonymous>" "fibRcpp" 
"<Anonymous>" "fibRcpp" 
"<Anonymous>" "fibRcpp" 
"<Anonymous>" "fibRcpp" 
"<Anonymous>" "fibRcpp" 
"<Anonymous>" "fibRcpp" 
"<Anonymous>" "fibRcpp" 
"<Anonymous>" "fibRcpp" 
"<Anonymous>" "fibRcpp" 
"<Anonymous>" "fibRcpp" 
"<Anonymous>" "fibRcpp" 
"<Anonymous>" "fibRcpp" 
"<Anonymous>" "fibRcpp" 
"<Anonymous>" "fibRcpp" 
"<Anonymous>" "fibRcpp" 
"<Anonymous>" "fibRcpp" 
"<Anonymous>" "fibRcpp" 
"<Anonymous>" "fibRcpp" 
"<Anonymous>" "fibRcpp" 
"<Anonymous>" "fibRcpp" 
"<Anonymous>" "fibRcpp" 
"<Anonymous>" "fibRcpp" 
"<Anonymous>" "fibRcpp" 
"<Anonymous>" "fibRcpp" 
"<Anonymous>" "fibRcpp" 
"<Anonymous>" "fibRcpp" 
"<Anonymous>" "fibRcpp" 
"<Anonymous>" "fibRcpp" 
"<Anonymous>" "fibRcpp" 
"<Anonymous>" "fibRcpp" 
"<Anonymous>" "fibRcpp" 
"<Anonymous>" "fibRcpp" 
"<Anonymous>" "fibRcpp" 
"<Anonymous>" "fibRcpp" 
"<Anonymous>" "fibRcpp" 
"<Anonymous>" "fibRcpp" 
"<Anonymous>" "fibRcpp" 
"<Anonymous>" "fibRcpp" 
"<Anonymous>" "fibRcpp" 
"<Anonymous>" "fibRcpp" 
"<Anonymous>" "fibRcpp" 
"<Anonymous>" "fibRcpp" 
"<Anonymous>" "fibRcpp" 
"<Anonymous>" "fibRcpp" 
"<Anonymous>" "fibRcpp" 
"<Anonymous>" "fibRcpp" 
"<Anonymous>" "fibRcpp" 
"<Anonymous>" "fibRcpp" 
"<Anonymous>" "fibRcpp" 
"<Anonymous>" "fibRcpp" 
"<Anonymous>" "fibRcpp" 
"<Anonymous>" "fibRcpp" 
"<Anonymous>" "fibRcpp" 
"<Anonymous>" "fibRcpp" 
"<Anonymous>" "fibRcpp" 
"<Anonymous>" "fibRcpp" 
"<Anonymous>" "fibRcpp" 
"<Anonymous>" "fibRcpp" 
"<Anonymous>" "fibRcpp" 
"<Anonymous>" "fibRcpp" 
"<Anonymous>" "fibRcpp" 
"<Anonymous>" "fibRcpp" 
"<Anonymous>" "fibRcpp" 
"<Anonymous>" "fibRcpp" 
"<Anonymous>" "fibRcpp" 
"<Anonymous>" "fibRcpp" 
"<Anonymous>" "fibRcpp" 
"<Anonymous>" "fibRcpp" 
"<Anonymous>" "fibRcpp" 
"<Anonymous>" "fibRcpp" 
"<Anonymous>" "fibRcpp" 
"<Anonymous>" "fibRcpp" 
"<Anonymous>" "fibRcpp" 
"<Anonymous>" "fibRcpp" 
"<Anonymous>" "fibRcpp" 
"<Anonymous>" "fibRcpp" 
"<Anonymous>" "fibRcpp" 
"<Anonymous>" "fibRcpp" 
"<Anonymous>" "fibRcpp" 
"<Anonymous>" "fibRcpp" 
"<Anonymous>" "fibRcpp" 
"<Anonymous>" "fibRcpp" 
"<Anonymous>" "fibRcpp" 
"<Anonymous>" "fibRcpp" 
"<Anonymous>" "fibRcpp" 
"<Anonymous>" "fibRcpp" 
"<Anonymous>" "fibRcpp" 
"<Anonymous>" "fibRcpp" 
"<Anonymous>" "fibRcpp" 
"<Anonymous>" "fibRcpp" 
"<Anonymous>" "fibRcpp" 
"<Anonymous>" "fibRcpp" 
"<Anonymous>" "fibRcpp" 
"<Anonymous>" "fibRcpp" 
"<Anonymous>" "fibRcpp" 
"<Anonymous>" "fibRcpp" 
"<Anonymous>" "fibRcpp" 
"<Anonymous>" "fibRcpp" 
"<Anonymous>" "fibRcpp" 
"<Anonymous>" "fibRcpp" 
"<Anonymous>" "fibRcpp" 
"<Anonymous>" "fibRcpp" 
"<Anonymous>" "fibRcpp" 
"<Anonymous>" "fibRcpp" 
"<Anonymous>" "fibRcpp" 
"<Anonymous>" "fibRcpp" 
"<Anonymous>" "fibRcpp" 
"<Anonymous>" "fibRcpp" 
"<Anonymous>" "fibRcpp" 
"<Anonymous>" "fibRcpp" 
"<Anonymous>" "fibRcpp" 
"<Anonymous>" "fibRcpp" 
"<Anonymous>" "fibRcpp" 
"<Anonymous>" "fibRcpp" 
"<Anonymous>" "fibRcpp" 
"<Anonymous>" "fibRcpp" 
"<Anonymous>" "fibRcpp" 
"<Anonymous>" "fibRcpp" 
"<Anonymous>" "fibRcpp" 
"<Anonymous>" "fibRcpp" 
"<Anonymous>" "fibRcpp" 
"<Anonymous>" "fibRcpp" 
"<Anonymous>" "fibRcpp" 
"<Anonymous>" "fibRcpp" 
"<Anonymous>" "fibRcpp" 
"<Anonymous>" "fibRcpp" 
"<Anonymous>" "fibRcpp" 
"<Anonymous>" "fibRcpp" 
"<Anonymous>" "fibRcpp" 
"<Anonymous>" "fibRcpp" 
"<Anonymous>" "fibRcpp" 
"<Anonymous>" "fibRcpp" 
"<Anonymous>" "fibRcpp" 
"<Anonymous>" "fibRcpp" 
"<Anonymous>" "fibRcpp" 
"<Anonymous>" "fibRcpp" 
"<Anonymous>" "fibRcpp" 
"<Anonymous>" "fibRcpp" 
"<Anonymous>" "fibRcpp" 
"<Anonymous>" "fibRcpp" 
"<Anonymous>" "fibRcpp" 
"<Anonymous>" "fibRcpp" 
"<Anonymous>" "fibRcpp" 
"<Anonymous>" "fibRcpp" 
"<Anonymous>" "fibRcpp" 
"<Anonymous>" "fibRcpp" 
"<Anonymous>" "fibRcpp" 
"<Anonymous>" "fibRcpp" 
"<Anonymous>" "fibRcpp" 
"<Anonymous>" "fibRcpp" 
"<Anonymous>" "fibRcpp" 
"<Anonymous>" "fibRcpp" 
"<Anonymous>" "fibRcpp" 
"<Anonymous>" "fibRcpp" 
"<Anonymous>" "fibRcpp" 
"<Anonymous>" "fibRcpp" 
"<Anonymous>" "fibRcpp" 
"<Anonymous>" "fibRcpp" 
"<Anonymous>" "fibRcpp" 
"<Anonymous>" "fibRcpp" 
"<Anonymous>" "fibRcpp" 
"<Anonymous>" "fibRcpp" 
"<Anonymous>" "fibRcpp" 
"<Anonymous>" "fibRcpp" 
"<Anonymous>" "fibRcpp" 
"<Anonymous>" "fibRcpp" 
"<Anonymous>" "fibRcpp" 
"<Anonymous>" "fibRcpp" 
"<Anonymous>" "fibRcpp" 
"<Anonymous>" "fibRcpp" 
"<Anonymous>" "fibRcpp" 
"<Anonymous>" "fibRcpp" 
"<Anonymous>" "fibRcpp" 
"<Anonymous>" "fibRcpp" 
"<Anonymous>" "fibRcpp" 
"<Anonymous>" "fibRcpp" 
"<Anonymous>" "fibRcpp" 
"<Anonymous>" "fibRcpp" 
"<Anonymous>" "fibRcpp" 
"<Anonymous>" "fibRcpp" 
"<Anonymous>" "fibRcpp" 
"<Anonymous>" "fibRcpp" 
"<Anonymous>" "fibRcpp" 
"<Anonymous>" "fibRcpp" 
"<Anonymous>" "fibRcpp" 
"<Anonymous>" "fibRcpp" 
"<Anonymous>" "fibRcpp" 
"<Anonymous>" "fibRcpp" 
"<Anonymous>" "fibRcpp" 
"<Anonymous>" "fibRcpp" 
"<Anonymous>" "fibRcpp" 
"<Anonymous>" "fibRcpp" 
"<Anonymous>" "fibRcpp" 
"<Anonymous>" "fibRcpp" 
"<Anonymous>" "fibRcpp" 
"<Anonymous>" "fibRcpp" 
"<Anonymous>" "fibRcpp" 
"<Anonymous>" "fibRcpp" 
"<Anonymous>" "fibRcpp" 
"<Anonymous>" "fibRcpp" 
"<Anonymous>" "fibRcpp" 
"<Anonymous>" "fibRcpp" 
"<Anonymous>" "fibRcpp" 
"<Anonymous>" "fibRcpp" 
"<Anonymous>" "fibRcpp" 
"<Anonymous>" "fibRcpp" 
"<Anonymous>" "fibRcpp" 
"<Anonymous>" "fibRcpp" 
"<Anonymous>" "fibRcpp" 
"<Anonymous>" "fibRcpp" 
"<Anonymous>" "fibRcpp" 
"<Anonymous>" "fibRcpp" 
"<Anonymous>" "fibRcpp" 
"<Anonymous>" "fibRcpp" 
"<Anonymous>" "fibRcpp" 
"<Anonymous>" "fibRcpp" 
"<Anonymous>" "fibRcpp" 
"<Anonymous>" "fibRcpp" 
"<Anonymous>" "fibRcpp" 
"<Anonymous>" "fibRcpp" 
"<Anonymous>" "fibRcpp" 
"<Anonymous>" "fibRcpp" 
"<Anonymous>" "fibRcpp" 
"<Anonymous>" "fibRcpp" 
"<Anonymous>" "fibRcpp" 
"<Anonymous>" "fibRcpp" 
"<Anonymous>" "fibRcpp" 
"<Anonymous>" "fibRcpp" 
"<Anonymous>" "fibRcpp" 
"<Anonymous>" "fibRcpp" 
"<Anonymous>" "fibRcpp" 
"<Anonymous>" "fibRcpp" 
"<Anonymous>" "fibRcpp" 
"<Anonymous>" "fibRcpp" 
"<Anonymous>" "fibRcpp" 
"<Anonymous>" "fibRcpp" 
"<Anonymous>" "fibRcpp" 
"<Anonymous>" "fibRcpp" 
"<Anonymous>" "fibRcpp" 
"<Anonymous>" "fibRcpp" 
"<Anonymous>" "fibRcpp" 
"<Anonymous>" "fibRcpp" 
"<Anonymous>" "fibRcpp" 
"<Anonymous>" "fibRcpp" 
"<Anonymous>" "fibRcpp" 
"<Anonymous>" "fibRcpp" 
"<Anonymous>" "fibRcpp" 
"<Anonymous>" "fibRcpp" 
"<Anonymous>" "fibRcpp" 
"<Anonymous>" "fibRcpp" 
"<Anonymous>" "fibRcpp" 
"<Anonymous>" "fibRcpp" 
"<Anonymous>" "fibRcpp" 
"<Anonymous>" "fibRcpp" 
"<Anonymous>" "fibRcpp" 
"<Anonymous>" "fibRcpp" 
"<Anonymous>" "fibRcpp" 
"<Anonymous>" "fibRcpp" 
"<Anonymous>" "fibRcpp" 
"<Anonymous>" "fibRcpp" 
"<Anonymous>" "fibRcpp" 
"<Anonymous>" "fibRcpp" 
"<Anonymous>" "fibRcpp" 
"<Anonymous>" "fibRcpp" 
"<Anonymous>" "fibRcpp" 
"<Anonymous>" "fibRcpp" 
"<Anonymous>" "fibRcpp" 
"<Anonymous>" "fibRcpp" 
"<Anonymous>" "fibRcpp" 
"<Anonymous>" "fibRcpp" 
"<Anonymous>" "fibRcpp" 
"<Anonymous>" "fibRcpp" 
"<Anonymous>" "fibRcpp" 
"<Anonymous>" "fibRcpp" 
"<Anonymous>" "fibRcpp" 
"<Anonymous>" "fibRcpp" 
"<Anonymous>" "fibRcpp" 
"<Anonymous>" "fibRcpp" 
"<Anonymous>" "fibRcpp" 
"<Anonymous>" "fibRcpp" 
"<Anonymous>" "fibRcpp" 
"<Anonymous>" "fibRcpp" 
"<Anonymous>" "fibRcpp" 
"<Anonymous>" "fibRcpp" 
"<Anonymous>" "fibRcpp" 
"<Anonymous>" "fibRcpp" 
"<Anonymous>" "fibRcpp" 
"<Anonymous>" "fibRcpp" 
"<Anonymous>" "fibRcpp" 
"<Anonymous>" "fibRcpp" 
"<Anonymous>" "fibRcpp" 
"<Anonymous>" "fibRcpp" 
"<Anonymous>" "fibRcpp" 
"<Anonymous>" "fibRcpp" 
"<Anonymous>" "fibRcpp" 
"<Anonymous>" "fibRcpp" 
"<Anonymous>" "fibRcpp" 
"<Anonymous>" "fibRcpp" 
"<Anonymous>" "fibRcpp" 
"<Anonymous>" "fibRcpp" 
"<Anonymous>" "fibRcpp" 
"<Anonymous>" "fibRcpp" 
"<Anonymous>" "fibRcpp" 
"<Anonymous>" "fibRcpp" 
"<Anonymous>" "fibRcpp" 
"<Anonymous>" "fibRcpp" 
"<Anonymous>" "fibRcpp" 
"<Anonymous>" "fibRcpp" 
"<Anonymous>" "fibRcpp" 
"<Anonymous>" "fibRcpp" 
"<Anonymous>" "fibRcpp" 
"<Anonymous>" "fibRcpp" 
"<Anonymous>" "fibRcpp" 
"<Anonymous>" "fibRcpp" 
"<Anonymous>" "fibRcpp" 
"<Anonymous>" "fibRcpp" 
"<Anonymous>" "fibRcpp" 
"<Anonymous>" "fibRcpp" 
"<Anonymous>" "fibRcpp" 
"<Anonymous>" "fibRcpp" 
"<Anonymous>" "fibRcpp" 
"<Anonymous>" "fibRcpp" 
"<Anonymous>" "fibRcpp" 
"<Anonymous>" "fibRcpp" 
"<Anonymous>" "fibRcpp" 
"<Anonymous>" "fibRcpp" 
"<Anonymous>" "fibRcpp" 
"<Anonymous>" "fibRcpp" 
"<Anonymous>" "fibRcpp" 
"<Anonymous>" "fibRcpp" 
"<Anonymous>" "fibRcpp" 
"<Anonymous>" "fibRcpp" 
"<Anonymous>" "fibRcpp" 
"<Anonymous>" "fibRcpp" 
"<Anonymous>" "fibRcpp" 
"<Anonymous>" "fibRcpp" 
"<Anonymous>" "fibRcpp" 
"<Anonymous>" "fibRcpp" 
"<Anonymous>" "fibRcpp" 
"<Anonymous>" "fibRcpp" 
"<Anonymous>" "fibRcpp" 
"<Anonymous>" "fibRcpp" 
"<Anonymous>" "fibRcpp" 
"<Anonymous>" "fibRcpp" 
"<Anonymous>" "fibRcpp" 
"<Anonymous>" "fibRcpp" 
"<Anonymous>" "fibRcpp" 
"<Anonymous>" "fibRcpp" 
"<Anonymous>" "fibRcpp" 
"<Anonymous>" "fibRcpp" 
"<Anonymous>" "fibRcpp" 
"<Anonymous>" "fibRcpp" 
"<Anonymous>" "fibRcpp" 
"<Anonymous>" "fibRcpp" 
"<Anonymous>" "fibRcpp" 
"<Anonymous>" "fibRcpp" 
"<Anonymous>" "fibRcpp" 
"<Anonymous>" "fibRcpp" 
"<Anonymous>" "fibRcpp" 
"<Anonymous>" "fibRcpp" 
"<Anonymous>" "fibRcpp" 
"<Anonymous>" "fibRcpp" 
"<Anonymous>" "fibRcpp" 
"<Anonymous>" "fibRcpp" 
"<Anonymous>" "fibRcpp" 
"<Anonymous>" "fibRcpp" 
"<Anonymous>" "fibRcpp" 
"<Anonymous>" "fibRcpp" 
"<Anonymous>" "fibRcpp" 
"<Anonymous>" "fibRcpp" 
"<Anonymous>" "fibRcpp" 
"<Anonymous>" "fibRcpp" 
"<Anonymous>" "fibRcpp" 
"<Anonymous>" "fibRcpp" 
"<Anonymous>" "fibRcpp" 
"<Anonymous>" "fibRcpp" 
"<Anonymous>" "fibRcpp" 
"<Anonymous>" "fibRcpp" 
"<Anonymous>" "fibRcpp" 
"<Anonymous>" "fibRcpp" 
"<Anonymous>" "fibRcpp" 
"<Anonymous>" "fibRcpp" 
"<Anonymous>" "fibRcpp" 
"<Anonymous>" "fibRcpp" 
"<Anonymous>" "fibRcpp" 
"<Anonymous>" "fibRcpp" 
"<Anonymous>" "fibRcpp" 
"<Anonymous>" "fibRcpp" 
"<Anonymous>" "fibRcpp" 
"<Anonymous>" "fibRcpp" 
"<Anonymous>" "fibRcpp" 
"<Anonymous>" "fibRcpp" 
"<Anonymous>" "fibRcpp" 
"<Anonymous>" "fibRcpp" 
"<Anonymous>" "fibRcpp" 
"<Anonymous>" "fibRcpp" 
"<Anonymous>" "fibRcpp" 
"<Anonymous>" "fibRcpp" 
"<Anonymous>" "fibRcpp" 
"<Anonymous>" "fibRcpp" 
"<Anonymous>" "fibRcpp" 
"<Anonymous>" "fibRcpp" 
"<Anonymous>" "fibRcpp" 
"<Anonymous>" "fibRcpp" 
"<Anonymous>" "fibRcpp" 
"<Anonymous>" "fibRcpp" 
"<Anonymous>" "fibRcpp" 
"<Anonymous>" "fibRcpp" 
"<Anonymous>" "fibRcpp" 
"<Anonymous>" "fibRcpp" 
"<Anonymous>" "fibRcpp" 
"<Anonymous>" "fibRcpp" 
"<Anonymous>" "fibRcpp" 
"<Anonymous>" "fibRcpp" 
"<Anonymous>" "fibRcpp" 
"<Anonymous>" "fibRcpp" 
"<Anonymous>" "fibRcpp" 
"<Anonymous>" "fibRcpp" 
"<Anonymous>" "fibRcpp" 
"<Anonymous>" "fibRcpp" 
"<Anonymous>" "fibRcpp" 
"<Anonymous>" "fibRcpp" 
"<Anonymous>" "fibRcpp" 
"<Anonymous>" "fibRcpp" 
"<Anonymous>" "fibRcpp" 
"<Anonymous>" "fibRcpp" 
"<Anonymous>" "fibRcpp" 
"<Anonymous>" "fibRcpp" 
"<Anonymous>" "fibRcpp" 
"<Anonymous>" "fibRcpp" 
"<Anonymous>" "fibRcpp" 
"<Anonymous>" "fibRcpp" 
"<Anonymous>" "fibRcpp" 
"<Anonymous>" "fibRcpp" 
"<Anonymous>" "fibRcpp" 
"<Anonymous>" "fibRcpp" 
"<Anonymous>" "fibRcpp" 
"<Anonymous>" "fibRcpp" 
"<Anonymous>" "fibRcpp" 
"<Anonymous>" "fibRcpp" 
"<Anonymous>" "fibRcpp" 
"<Anonymous>" "fibRcpp" 
"<Anonymous>" "fibRcpp" 
"<Anonymous>" "fibRcpp" 
"<Anonymous>" "fibRcpp" 
"<Anonymous>" "fibRcpp" 
"<Anonymous>" "fibRcpp" 
"<Anonymous>" "fibRcpp" 
"<Anonymous>" "fibRcpp" 
"<Anonymous>" "fibRcpp" 
"<Anonymous>" "fibRcpp" 
"<Anonymous>" "fibRcpp" 
"<Anonymous>" "fibRcpp" 
"<Anonymous>" "fibRcpp" 
"<Anonymous>" "fibRcpp" 
"<Anonymous>" "fibRcpp" 
"<Anonymous>" "fibRcpp" 
"<Anonymous>" "fibRcpp" 
"<Anonymous>" "fibRcpp" 
"<Anonymous>" "fibRcpp" 
"<Anonymous>" "fibRcpp" 
"<Anonymous>" "fibRcpp" 
"<Anonymous>" "fibRcpp" 
"<Anonymous>" "fibRcpp" 
"<Anonymous>" "fibRcpp" 
"<Anonymous>" "fibRcpp" 
"<Anonymous>" "fibRcpp" 
"<Anonymous>" "fibRcpp" 
"<Anonymous>" "fibRcpp" 
"<Anonymous>" "fibRcpp" 
"<Anonymous>" "fibRcpp" 
"<Anonymous>" "fibRcpp" 
"<Anonymous>" "fibRcpp" 
"<Anonymous>" "fibRcpp" 
"<Anonymous>" "fibRcpp" 
"<Anonymous>" "fibRcpp" 
"<Anonymous>" "fibRcpp" 
"<Anonymous>" "fibRcpp" 
"<Anonymous>" "fibRcpp" 
"<Anonymous>" "fibRcpp" 
"<Anonymous>" "fibRcpp" 
"<Anonymous>" "fibRcpp" 
"<Anonymous>" "fibRcpp" 
"<Anonymous>" "fibRcpp" 
"<Anonymous>" "fibRcpp" 
"<Anonymous>" "fibRcpp" 
"<Anonymous>" "fibRcpp" 
"<Anonymous>" "fibRcpp" 
"<Anonymous>" "fibRcpp" 
"<Anonymous>" "fibRcpp" 
"<Anonymous>" "fibRcpp" 
"<Anonymous>" "fibRcpp" 
"<Anonymous>" "fibRcpp" 
"<Anonymous>" "fibRcpp" 
"<Anonymous>" "fibRcpp" 
"<Anonymous>" "fibRcpp" 
"<Anonymous>" "fibRcpp" 
"<Anonymous>" "fibRcpp" 
"<Anonymous>" "fibRcpp" 
"<Anonymous>" "fibRcpp" 
"<Anonymous>" "fibRcpp" 
"<Anonymous>" "fibRcpp" 
"<Anonymous>" "fibRcpp" 
"<Anonymous>" "fibRcpp" 
"<Anonymous>" "fibRcpp" 
"<Anonymous>" "fibRcpp" 
"<Anonymous>" "fibRcpp" 
"<Anonymous>" "fibRcpp" 
"<Anonymous>" "fibRcpp" 
"<Anonymous>" "fibRcpp" 
"<Anonymous>" "fibRcpp" 
"<Anonymous>" "fibRcpp" 
"<Anonymous>" "fibRcpp" 
"<Anonymous>" "fibRcpp" 
"<Anonymous>" "fibRcpp" 
"<Anonymous>" "fibRcpp" 
"<Anonymous>" "fibRcpp" 
"<Anonymous>" "fibRcpp" 
"<Anonymous>" "fibRcpp" 
"<Anonymous>" "fibRcpp" 
"<Anonymous>" "fibRcpp" 
"<Anonymous>" "fibRcpp" 
"<Anonymous>" "fibRcpp" 
"<Anonymous>" "fibRcpp" 
"<Anonymous>" "fibRcpp" 
"<Anonymous>" "fibRcpp" 
"<Anonymous>" "fibRcpp" 
"<Anonymous>" "fibRcpp" 
"<Anonymous>" "fibRcpp" 
"<Anonymous>" "fibRcpp" 
"<Anonymous>" "fibRcpp" 
"<Anonymous>" "fibRcpp" 
"<Anonymous>" "fibRcpp" 
"<Anonymous>" "fibRcpp" 
"<Anonymous>" "fibRcpp" 
"<Anonymous>" "fibRcpp" 
"<Anonymous>" "fibRcpp" 
"<Anonymous>" "fibRcpp" 
"<Anonymous>" "fibRcpp" 
"<Anonymous>" "fibRcpp" 
"<Anonymous>" "fibRcpp" 
"<Anonymous>" "fibRcpp" 
"<Anonymous>" "fibRcpp" 
"<Anonymous>" "fibRcpp" 
"<Anonymous>" "fibRcpp" 
"<Anonymous>" "fibRcpp" 
"<Anonymous>" "fibRcpp" 
"<Anonymous>" "fibRcpp" 
"<Anonymous>" "fibRcpp" 
"<Anonymous>" "fibRcpp" 
"<Anonymous>" "fibRcpp" 
"<Anonymous>" "fibRcpp" 
"<Anonymous>" "fibRcpp" 
"<Anonymous>" "fibRcpp" 
"<Anonymous>" "fibRcpp" 
"<Anonymous>" "fibRcpp" 
"<Anonymous>" "fibRcpp" 
"<Anonymous>" "fibRcpp" 
"<Anonymous>" "fibRcpp" 
"<Anonymous>" "fibRcpp" 
"<Anonymous>" "fibRcpp" 
"<Anonymous>" "fibRcpp" 
"<Anonymous>" "fibRcpp" 
"<Anonymous>" "fibRcpp" 
"<Anonymous>" "fibRcpp" 
"<Anonymous>" "fibRcpp" 
"<Anonymous>" "fibRcpp" 
"<Anonymous>" "fibRcpp" 
"<Anonymous>" "fibRcpp" 
"<Anonymous>" "fibRcpp" 
"<Anonymous>" "fibRcpp" 
"<Anonymous>" "fibRcpp" 
"<Anonymous>" "fibRcpp" 
"<Anonymous>" "fibRcpp" 
"<Anonymous>" "fibRcpp" 
"<Anonymous>" "fibRcpp" 
"<Anonymous>" "fibRcpp" 
"<Anonymous>" "fibRcpp" 
"<Anonymous>" "fibRcpp" 
"<Anonymous>" "fibRcpp" 
"<Anonymous>" "fibRcpp" 
"<Anonymous>" "fibRcpp" 
"<Anonymous>" "fibRcpp" 
"<Anonymous>" "fibRcpp" 
"<Anonymous>" "fibRcpp" 
"<Anonymous>" "fibRcpp" 
"<Anonymous>" "fibRcpp" 
"<Anonymous>" "fibRcpp" 
"<Anonymous>" "fibRcpp" 
"<Anonymous>" "fibRcpp" 
"<Anonymous>" "fibRcpp" 
"<Anonymous>" "fibRcpp" 
"<Anonymous>" "fibRcpp" 
"<Anonymous>" "fibRcpp" 
"<Anonymous>" "fibRcpp" 
"<Anonymous>" "fibRcpp" 
"<Anonymous>" "fibRcpp" 
"<Anonymous>" "fibRcpp" 
"<Anonymous>" "fibRcpp" 
"<Anonymous>" "fibRcpp" 
"<Anonymous>" "fibRcpp" 
"<Anonymous>" "fibRcpp" 
"<Anonymous>" "fibRcpp" 
"<Anonymous>" "fibRcpp" 
"<Anonymous>" "fibRcpp" 
"<Anonymous>" "fibRcpp" 
"<Anonymous>" "fibRcpp" 
"<Anonymous>" "fibRcpp" 
"<Anonymous>" "fibRcpp" 
"<Anonymous>" "fibRcpp" 
"<Anonymous>" "fibRcpp" 
"<Anonymous>" "fibRcpp" 
"<Anonymous>" "fibRcpp" 
"<Anonymous>" "fibRcpp" 
"<Anonymous>" "fibRcpp" 
"<Anonymous>" "fibRcpp" 
"<Anonymous>" "fibRcpp" 
"<Anonymous>" "fibRcpp" 
"<Anonymous>" "fibRcpp" 
"<Anonymous>" "fibRcpp" 
"<Anonymous>" "fibRcpp" 
"<Anonymous>" "fibRcpp" 
"<Anonymous>" "fibRcpp" 
"<Anonymous>" "fibRcpp" 
"<Anonymous>" "fibRcpp" 
"<Anonymous>" "fibRcpp" 
"<Anonymous>" "fibRcpp" 
"<Anonymous>" "fibRcpp" 
"<Anonymous>" "fibRcpp" 
"<Anonymous>" "fibRcpp" 
"<Anonymous>" "fibRcpp" 
"<Anonymous>" "fibRcpp" 
"<Anonymous>" "fibRcpp" 
"<Anonymous>" "fibRcpp" 
"<Anonymous>" "fibRcpp" 
"<Anonymous>" "fibRcpp" 
"<Anonymous>" "fibRcpp" 
"<Anonymous>" "fibRcpp" 
"<Anonymous>" "fibRcpp" 
"<Anonymous>" "fibRcpp" 
"<Anonymous>" "fibRcpp" 
"<Anonymous>" "fibRcpp" 
"<Anonymous>" "fibRcpp" 
"<Anonymous>" "fibRcpp" 
"<Anonymous>" "fibRcpp" 
"<Anonymous>" "fibRcpp" 
"<Anonymous>" "fibRcpp" 
"<Anonymous>" "fibRcpp" 
"<Anonymous>" "fibRcpp" 
"<Anonymous>" "fibRcpp" 
"<Anonymous>" "fibRcpp" 
"<Anonymous>" "fibRcpp" 
"<Anonymous>" "fibRcpp" 
"<Anonymous>" "fib